[2012-08-17 10:08:26] Connection error: Access denied for user 'root'@'localhost' (using password: NO) <>
[2012-08-17 10:08:26] Could node connect for query: SELECT `id` , `parent_id` , `position` , `left` , `right` , `level` , `title` , `type` FROM `tree` WHERE `parent_id` = 1 ORDER BY `position` ASC <>
[2012-08-17 10:08:26] No query pending <>
[2012-08-17 10:08:26] TRUNCATE TABLE `tree` <>
[2012-08-17 10:08:26] INSERT INTO `tree` (`id`, `parent_id`, `position`, `left`, `right`, `level` ) VALUES (1, 0, 0, 1, 2, 0 ) <>
[2012-08-17 10:08:26] SELECT `id` , `parent_id` , `position` , `left` , `right` , `level` , `title` , `type` FROM `tree` WHERE `id` = 0 <>
[2012-08-17 10:08:26] No query pending <>
[2012-08-17 10:08:26] nf: no result set <>
[2012-08-17 10:08:26] SELECT `id` , `parent_id` , `position` , `left` , `right` , `level` , `title` , `type` FROM `tree` WHERE `parent_id` = 0 ORDER BY `position` ASC <>
[2012-08-17 10:08:26] No query pending <>
[2012-08-17 10:08:26] SELECT `id` , `parent_id` , `position` , `left` , `right` , `level` , `title` , `type` FROM `tree` WHERE `id` = 1 <>
[2012-08-17 10:08:26] No query pending <>
[2012-08-17 10:08:26] nf: no result set <>
[2012-08-17 10:08:26] SELECT `id` , `parent_id` , `position` , `left` , `right` , `level` , `title` , `type` FROM `tree` WHERE `parent_id` = 1 ORDER BY `position` ASC <>
[2012-08-17 10:08:26] No query pending <>
[2012-08-17 10:08:26] UPDATE `tree` SET `position` = `position` + 1 WHERE `parent_id` = 1 AND `position` >= 0  AND `id` NOT IN (-1)  <>
[2012-08-17 10:08:26] UPDATE `tree` SET `left` = `left` + 2 WHERE `left` >= 1  AND `id` NOT IN (-1)  <>
[2012-08-17 10:08:26] UPDATE `tree` SET `right` = `right` + 2 WHERE `right` >= 1  AND `id` NOT IN (-1)  <>
[2012-08-17 10:08:26] INSERT INTO `tree` (`parent_id`, `position`, `left`, `right`, `level` ) VALUES (1, 0, 1, 2, 1) <>
[2012-08-17 10:08:26] SELECT `id` , `parent_id` , `position` , `left` , `right` , `level` , `title` , `type` FROM `tree` WHERE `id` = 0 <>
[2012-08-17 10:08:26] No query pending <>
[2012-08-17 10:08:26] nf: no result set <>
[2012-08-17 10:08:26] SELECT `id` , `parent_id` , `position` , `left` , `right` , `level` , `title` , `type` FROM `tree` WHERE `parent_id` = 0 ORDER BY `position` ASC <>
[2012-08-17 10:08:26] No query pending <>
[2012-08-17 10:08:26] SELECT `id` , `parent_id` , `position` , `left` , `right` , `level` , `title` , `type` FROM `tree` WHERE `id` = 1 <>
[2012-08-17 10:08:26] No query pending <>
[2012-08-17 10:08:26] nf: no result set <>
[2012-08-17 10:08:26] SELECT `id` , `parent_id` , `position` , `left` , `right` , `level` , `title` , `type` FROM `tree` WHERE `parent_id` = 1 ORDER BY `position` ASC <>
[2012-08-17 10:08:26] No query pending <>
[2012-08-17 10:08:26] UPDATE `tree` SET `position` = `position` + 1 WHERE `parent_id` = 1 AND `position` >= 0  AND `id` NOT IN (-1)  <>
[2012-08-17 10:08:26] UPDATE `tree` SET `left` = `left` + 2 WHERE `left` >= 1  AND `id` NOT IN (-1)  <>
[2012-08-17 10:08:26] UPDATE `tree` SET `right` = `right` + 2 WHERE `right` >= 1  AND `id` NOT IN (-1)  <>
[2012-08-17 10:08:26] INSERT INTO `tree` (`parent_id`, `position`, `left`, `right`, `level` ) VALUES (1, 0, 1, 2, 1) <>
[2012-08-17 10:08:26] SELECT `id` , `parent_id` , `position` , `left` , `right` , `level` , `title` , `type` FROM `tree` WHERE `id` = 0 <>
[2012-08-17 10:08:26] No query pending <>
[2012-08-17 10:08:26] nf: no result set <>
[2012-08-17 10:08:26] SELECT `id` , `parent_id` , `position` , `left` , `right` , `level` , `title` , `type` FROM `tree` WHERE `parent_id` = 0 ORDER BY `position` ASC <>
[2012-08-17 10:08:26] No query pending <>
[2012-08-17 10:08:26] SELECT `id` , `parent_id` , `position` , `left` , `right` , `level` , `title` , `type` FROM `tree` WHERE `id` = 2 <>
[2012-08-17 10:08:26] No query pending <>
[2012-08-17 10:08:26] nf: no result set <>
[2012-08-17 10:08:26] SELECT `id` , `parent_id` , `position` , `left` , `right` , `level` , `title` , `type` FROM `tree` WHERE `parent_id` = 2 ORDER BY `position` ASC <>
[2012-08-17 10:08:26] No query pending <>
[2012-08-17 10:08:26] UPDATE `tree` SET `position` = `position` + 1 WHERE `parent_id` = 2 AND `position` >= 0  AND `id` NOT IN (-1)  <>
[2012-08-17 10:08:26] UPDATE `tree` SET `left` = `left` + 2 WHERE `left` >= 1  AND `id` NOT IN (-1)  <>
[2012-08-17 10:08:26] UPDATE `tree` SET `right` = `right` + 2 WHERE `right` >= 1  AND `id` NOT IN (-1)  <>
[2012-08-17 10:08:26] INSERT INTO `tree` (`parent_id`, `position`, `left`, `right`, `level` ) VALUES (2, 0, 1, 2, 1) <>
[2012-08-17 10:08:26] SELECT `id` , `parent_id` , `position` , `left` , `right` , `level` , `title` , `type` FROM `tree` WHERE `id` = 0 <>
[2012-08-17 10:08:26] No query pending <>
[2012-08-17 10:08:26] nf: no result set <>
[2012-08-17 10:08:26] SELECT `id` , `parent_id` , `position` , `left` , `right` , `level` , `title` , `type` FROM `tree` WHERE `parent_id` = 0 ORDER BY `position` ASC <>
[2012-08-17 10:08:26] No query pending <>
[2012-08-17 10:08:26] SELECT `id` , `parent_id` , `position` , `left` , `right` , `level` , `title` , `type` FROM `tree` WHERE `id` = 2 <>
[2012-08-17 10:08:26] No query pending <>
[2012-08-17 10:08:26] nf: no result set <>
[2012-08-17 10:08:26] SELECT `id` , `parent_id` , `position` , `left` , `right` , `level` , `title` , `type` FROM `tree` WHERE `parent_id` = 2 ORDER BY `position` ASC <>
[2012-08-17 10:08:26] No query pending <>
[2012-08-17 10:08:26] UPDATE `tree` SET `position` = `position` + 1 WHERE `parent_id` = 2 AND `position` >= 0  AND `id` NOT IN (-1)  <>
[2012-08-17 10:08:26] UPDATE `tree` SET `left` = `left` + 2 WHERE `left` >= 1  AND `id` NOT IN (-1)  <>
[2012-08-17 10:08:26] UPDATE `tree` SET `right` = `right` + 2 WHERE `right` >= 1  AND `id` NOT IN (-1)  <>
[2012-08-17 10:08:26] INSERT INTO `tree` (`parent_id`, `position`, `left`, `right`, `level` ) VALUES (2, 0, 1, 2, 1) <>
[2012-08-17 10:08:26] SELECT `id` , `parent_id` , `position` , `left` , `right` , `level` , `title` , `type` FROM `tree` WHERE `id` = 0 <>
[2012-08-17 10:08:26] No query pending <>
[2012-08-17 10:08:26] nf: no result set <>
[2012-08-17 10:08:26] SELECT `id` , `parent_id` , `position` , `left` , `right` , `level` , `title` , `type` FROM `tree` WHERE `parent_id` = 0 ORDER BY `position` ASC <>
[2012-08-17 10:08:26] No query pending <>
[2012-08-17 10:08:26] SELECT `id` , `parent_id` , `position` , `left` , `right` , `level` , `title` , `type` FROM `tree` WHERE `id` = 4 <>
[2012-08-17 10:08:26] No query pending <>
[2012-08-17 10:08:26] nf: no result set <>
[2012-08-17 10:08:26] SELECT `id` , `parent_id` , `position` , `left` , `right` , `level` , `title` , `type` FROM `tree` WHERE `parent_id` = 4 ORDER BY `position` ASC <>
[2012-08-17 10:08:26] No query pending <>
[2012-08-17 10:08:26] UPDATE `tree` SET `position` = `position` + 1 WHERE `parent_id` = 4 AND `position` >= 0  AND `id` NOT IN (-1)  <>
[2012-08-17 10:08:26] UPDATE `tree` SET `left` = `left` + 2 WHERE `left` >= 1  AND `id` NOT IN (-1)  <>
[2012-08-17 10:08:26] UPDATE `tree` SET `right` = `right` + 2 WHERE `right` >= 1  AND `id` NOT IN (-1)  <>
[2012-08-17 10:08:26] INSERT INTO `tree` (`parent_id`, `position`, `left`, `right`, `level` ) VALUES (4, 0, 1, 2, 1) <>
[2012-08-17 10:08:26] SELECT `id` , `parent_id` , `position` , `left` , `right` , `level` , `title` , `type` FROM `tree` WHERE `id` = 0 <>
[2012-08-17 10:08:26] No query pending <>
[2012-08-17 10:08:26] nf: no result set <>
[2012-08-17 10:08:26] SELECT `id` , `parent_id` , `position` , `left` , `right` , `level` , `title` , `type` FROM `tree` WHERE `parent_id` = 0 ORDER BY `position` ASC <>
[2012-08-17 10:08:26] No query pending <>
[2012-08-17 10:08:26] SELECT `id` , `parent_id` , `position` , `left` , `right` , `level` , `title` , `type` FROM `tree` WHERE `id` = 5 <>
[2012-08-17 10:08:26] No query pending <>
[2012-08-17 10:08:26] nf: no result set <>
[2012-08-17 10:08:26] SELECT `id` , `parent_id` , `position` , `left` , `right` , `level` , `title` , `type` FROM `tree` WHERE `parent_id` = 5 ORDER BY `position` ASC <>
[2012-08-17 10:08:26] No query pending <>
[2012-08-17 10:08:26] UPDATE `tree` SET `position` = `position` + 1 WHERE `parent_id` = 5 AND `position` >= 0  AND `id` NOT IN (-1)  <>
[2012-08-17 10:08:26] UPDATE `tree` SET `left` = `left` + 2 WHERE `left` >= 1  AND `id` NOT IN (-1)  <>
[2012-08-17 10:08:26] UPDATE `tree` SET `right` = `right` + 2 WHERE `right` >= 1  AND `id` NOT IN (-1)  <>
[2012-08-17 10:08:26] INSERT INTO `tree` (`parent_id`, `position`, `left`, `right`, `level` ) VALUES (5, 0, 1, 2, 1) <>
[2012-08-17 10:08:26] SELECT `id` , `parent_id` , `position` , `left` , `right` , `level` , `title` , `type` FROM `tree` WHERE `parent_id` = 1 ORDER BY `position` ASC <>
[2012-08-17 10:08:26] No query pending <>
[2012-08-17 10:08:35] Connection error: Access denied for user 'root'@'localhost' (using password: NO) <>
[2012-08-17 10:08:35] Could node connect for query: SELECT `id` , `parent_id` , `position` , `left` , `right` , `level` , `title` , `type` FROM `tree` WHERE `parent_id` = 1 ORDER BY `position` ASC <>
[2012-08-17 10:08:35] No query pending <>
[2012-08-17 10:08:35] TRUNCATE TABLE `tree` <>
[2012-08-17 10:08:35] INSERT INTO `tree` (`id`, `parent_id`, `position`, `left`, `right`, `level` ) VALUES (1, 0, 0, 1, 2, 0 ) <>
[2012-08-17 10:08:35] SELECT `id` , `parent_id` , `position` , `left` , `right` , `level` , `title` , `type` FROM `tree` WHERE `id` = 0 <>
[2012-08-17 10:08:35] No query pending <>
[2012-08-17 10:08:35] nf: no result set <>
[2012-08-17 10:08:35] SELECT `id` , `parent_id` , `position` , `left` , `right` , `level` , `title` , `type` FROM `tree` WHERE `parent_id` = 0 ORDER BY `position` ASC <>
[2012-08-17 10:08:35] No query pending <>
[2012-08-17 10:08:35] SELECT `id` , `parent_id` , `position` , `left` , `right` , `level` , `title` , `type` FROM `tree` WHERE `id` = 1 <>
[2012-08-17 10:08:35] No query pending <>
[2012-08-17 10:08:35] nf: no result set <>
[2012-08-17 10:08:35] SELECT `id` , `parent_id` , `position` , `left` , `right` , `level` , `title` , `type` FROM `tree` WHERE `parent_id` = 1 ORDER BY `position` ASC <>
[2012-08-17 10:08:35] No query pending <>
[2012-08-17 10:08:35] UPDATE `tree` SET `position` = `position` + 1 WHERE `parent_id` = 1 AND `position` >= 0  AND `id` NOT IN (-1)  <>
[2012-08-17 10:08:35] UPDATE `tree` SET `left` = `left` + 2 WHERE `left` >= 1  AND `id` NOT IN (-1)  <>
[2012-08-17 10:08:35] UPDATE `tree` SET `right` = `right` + 2 WHERE `right` >= 1  AND `id` NOT IN (-1)  <>
[2012-08-17 10:08:35] INSERT INTO `tree` (`parent_id`, `position`, `left`, `right`, `level` ) VALUES (1, 0, 1, 2, 1) <>
[2012-08-17 10:08:35] SELECT `id` , `parent_id` , `position` , `left` , `right` , `level` , `title` , `type` FROM `tree` WHERE `id` = 0 <>
[2012-08-17 10:08:35] No query pending <>
[2012-08-17 10:08:35] nf: no result set <>
[2012-08-17 10:08:35] SELECT `id` , `parent_id` , `position` , `left` , `right` , `level` , `title` , `type` FROM `tree` WHERE `parent_id` = 0 ORDER BY `position` ASC <>
[2012-08-17 10:08:35] No query pending <>
[2012-08-17 10:08:35] SELECT `id` , `parent_id` , `position` , `left` , `right` , `level` , `title` , `type` FROM `tree` WHERE `id` = 1 <>
[2012-08-17 10:08:35] No query pending <>
[2012-08-17 10:08:35] nf: no result set <>
[2012-08-17 10:08:35] SELECT `id` , `parent_id` , `position` , `left` , `right` , `level` , `title` , `type` FROM `tree` WHERE `parent_id` = 1 ORDER BY `position` ASC <>
[2012-08-17 10:08:35] No query pending <>
[2012-08-17 10:08:35] UPDATE `tree` SET `position` = `position` + 1 WHERE `parent_id` = 1 AND `position` >= 0  AND `id` NOT IN (-1)  <>
[2012-08-17 10:08:35] UPDATE `tree` SET `left` = `left` + 2 WHERE `left` >= 1  AND `id` NOT IN (-1)  <>
[2012-08-17 10:08:35] UPDATE `tree` SET `right` = `right` + 2 WHERE `right` >= 1  AND `id` NOT IN (-1)  <>
[2012-08-17 10:08:35] INSERT INTO `tree` (`parent_id`, `position`, `left`, `right`, `level` ) VALUES (1, 0, 1, 2, 1) <>
[2012-08-17 10:08:35] SELECT `id` , `parent_id` , `position` , `left` , `right` , `level` , `title` , `type` FROM `tree` WHERE `id` = 0 <>
[2012-08-17 10:08:35] No query pending <>
[2012-08-17 10:08:35] nf: no result set <>
[2012-08-17 10:08:35] SELECT `id` , `parent_id` , `position` , `left` , `right` , `level` , `title` , `type` FROM `tree` WHERE `parent_id` = 0 ORDER BY `position` ASC <>
[2012-08-17 10:08:35] No query pending <>
[2012-08-17 10:08:35] SELECT `id` , `parent_id` , `position` , `left` , `right` , `level` , `title` , `type` FROM `tree` WHERE `id` = 2 <>
[2012-08-17 10:08:35] No query pending <>
[2012-08-17 10:08:35] nf: no result set <>
[2012-08-17 10:08:35] SELECT `id` , `parent_id` , `position` , `left` , `right` , `level` , `title` , `type` FROM `tree` WHERE `parent_id` = 2 ORDER BY `position` ASC <>
[2012-08-17 10:08:35] No query pending <>
[2012-08-17 10:08:35] UPDATE `tree` SET `position` = `position` + 1 WHERE `parent_id` = 2 AND `position` >= 0  AND `id` NOT IN (-1)  <>
[2012-08-17 10:08:35] UPDATE `tree` SET `left` = `left` + 2 WHERE `left` >= 1  AND `id` NOT IN (-1)  <>
[2012-08-17 10:08:35] UPDATE `tree` SET `right` = `right` + 2 WHERE `right` >= 1  AND `id` NOT IN (-1)  <>
[2012-08-17 10:08:35] INSERT INTO `tree` (`parent_id`, `position`, `left`, `right`, `level` ) VALUES (2, 0, 1, 2, 1) <>
[2012-08-17 10:08:35] SELECT `id` , `parent_id` , `position` , `left` , `right` , `level` , `title` , `type` FROM `tree` WHERE `id` = 0 <>
[2012-08-17 10:08:35] No query pending <>
[2012-08-17 10:08:35] nf: no result set <>
[2012-08-17 10:08:35] SELECT `id` , `parent_id` , `position` , `left` , `right` , `level` , `title` , `type` FROM `tree` WHERE `parent_id` = 0 ORDER BY `position` ASC <>
[2012-08-17 10:08:35] No query pending <>
[2012-08-17 10:08:35] SELECT `id` , `parent_id` , `position` , `left` , `right` , `level` , `title` , `type` FROM `tree` WHERE `id` = 2 <>
[2012-08-17 10:08:35] No query pending <>
[2012-08-17 10:08:35] nf: no result set <>
[2012-08-17 10:08:35] SELECT `id` , `parent_id` , `position` , `left` , `right` , `level` , `title` , `type` FROM `tree` WHERE `parent_id` = 2 ORDER BY `position` ASC <>
[2012-08-17 10:08:35] No query pending <>
[2012-08-17 10:08:35] UPDATE `tree` SET `position` = `position` + 1 WHERE `parent_id` = 2 AND `position` >= 0  AND `id` NOT IN (-1)  <>
[2012-08-17 10:08:35] UPDATE `tree` SET `left` = `left` + 2 WHERE `left` >= 1  AND `id` NOT IN (-1)  <>
[2012-08-17 10:08:35] UPDATE `tree` SET `right` = `right` + 2 WHERE `right` >= 1  AND `id` NOT IN (-1)  <>
[2012-08-17 10:08:35] INSERT INTO `tree` (`parent_id`, `position`, `left`, `right`, `level` ) VALUES (2, 0, 1, 2, 1) <>
[2012-08-17 10:08:35] SELECT `id` , `parent_id` , `position` , `left` , `right` , `level` , `title` , `type` FROM `tree` WHERE `id` = 0 <>
[2012-08-17 10:08:35] No query pending <>
[2012-08-17 10:08:35] nf: no result set <>
[2012-08-17 10:08:35] SELECT `id` , `parent_id` , `position` , `left` , `right` , `level` , `title` , `type` FROM `tree` WHERE `parent_id` = 0 ORDER BY `position` ASC <>
[2012-08-17 10:08:35] No query pending <>
[2012-08-17 10:08:35] SELECT `id` , `parent_id` , `position` , `left` , `right` , `level` , `title` , `type` FROM `tree` WHERE `id` = 4 <>
[2012-08-17 10:08:35] No query pending <>
[2012-08-17 10:08:35] nf: no result set <>
[2012-08-17 10:08:35] SELECT `id` , `parent_id` , `position` , `left` , `right` , `level` , `title` , `type` FROM `tree` WHERE `parent_id` = 4 ORDER BY `position` ASC <>
[2012-08-17 10:08:36] No query pending <>
[2012-08-17 10:08:36] UPDATE `tree` SET `position` = `position` + 1 WHERE `parent_id` = 4 AND `position` >= 0  AND `id` NOT IN (-1)  <>
[2012-08-17 10:08:36] UPDATE `tree` SET `left` = `left` + 2 WHERE `left` >= 1  AND `id` NOT IN (-1)  <>
[2012-08-17 10:08:36] UPDATE `tree` SET `right` = `right` + 2 WHERE `right` >= 1  AND `id` NOT IN (-1)  <>
[2012-08-17 10:08:36] INSERT INTO `tree` (`parent_id`, `position`, `left`, `right`, `level` ) VALUES (4, 0, 1, 2, 1) <>
[2012-08-17 10:08:36] SELECT `id` , `parent_id` , `position` , `left` , `right` , `level` , `title` , `type` FROM `tree` WHERE `id` = 0 <>
[2012-08-17 10:08:36] No query pending <>
[2012-08-17 10:08:36] nf: no result set <>
[2012-08-17 10:08:36] SELECT `id` , `parent_id` , `position` , `left` , `right` , `level` , `title` , `type` FROM `tree` WHERE `parent_id` = 0 ORDER BY `position` ASC <>
[2012-08-17 10:08:36] No query pending <>
[2012-08-17 10:08:36] SELECT `id` , `parent_id` , `position` , `left` , `right` , `level` , `title` , `type` FROM `tree` WHERE `id` = 5 <>
[2012-08-17 10:08:36] No query pending <>
[2012-08-17 10:08:36] nf: no result set <>
[2012-08-17 10:08:36] SELECT `id` , `parent_id` , `position` , `left` , `right` , `level` , `title` , `type` FROM `tree` WHERE `parent_id` = 5 ORDER BY `position` ASC <>
[2012-08-17 10:08:36] No query pending <>
[2012-08-17 10:08:36] UPDATE `tree` SET `position` = `position` + 1 WHERE `parent_id` = 5 AND `position` >= 0  AND `id` NOT IN (-1)  <>
[2012-08-17 10:08:36] UPDATE `tree` SET `left` = `left` + 2 WHERE `left` >= 1  AND `id` NOT IN (-1)  <>
[2012-08-17 10:08:36] UPDATE `tree` SET `right` = `right` + 2 WHERE `right` >= 1  AND `id` NOT IN (-1)  <>
[2012-08-17 10:08:36] INSERT INTO `tree` (`parent_id`, `position`, `left`, `right`, `level` ) VALUES (5, 0, 1, 2, 1) <>
[2012-08-17 10:08:36] SELECT `id` , `parent_id` , `position` , `left` , `right` , `level` , `title` , `type` FROM `tree` WHERE `parent_id` = 1 ORDER BY `position` ASC <>
[2012-08-17 10:08:36] No query pending <>
[2012-08-17 10:08:37] Connection error: Access denied for user 'root'@'localhost' (using password: NO) <>
[2012-08-17 10:08:37] Could node connect for query: SELECT `id` , `parent_id` , `position` , `left` , `right` , `level` , `title` , `type` FROM `tree` WHERE `parent_id` = 1 ORDER BY `position` ASC <>
[2012-08-17 10:08:37] No query pending <>
[2012-08-17 10:08:37] TRUNCATE TABLE `tree` <>
[2012-08-17 10:08:37] INSERT INTO `tree` (`id`, `parent_id`, `position`, `left`, `right`, `level` ) VALUES (1, 0, 0, 1, 2, 0 ) <>
[2012-08-17 10:08:37] SELECT `id` , `parent_id` , `position` , `left` , `right` , `level` , `title` , `type` FROM `tree` WHERE `id` = 0 <>
[2012-08-17 10:08:37] No query pending <>
[2012-08-17 10:08:37] nf: no result set <>
[2012-08-17 10:08:37] SELECT `id` , `parent_id` , `position` , `left` , `right` , `level` , `title` , `type` FROM `tree` WHERE `parent_id` = 0 ORDER BY `position` ASC <>
[2012-08-17 10:08:37] No query pending <>
[2012-08-17 10:08:37] SELECT `id` , `parent_id` , `position` , `left` , `right` , `level` , `title` , `type` FROM `tree` WHERE `id` = 1 <>
[2012-08-17 10:08:37] No query pending <>
[2012-08-17 10:08:37] nf: no result set <>
[2012-08-17 10:08:37] SELECT `id` , `parent_id` , `position` , `left` , `right` , `level` , `title` , `type` FROM `tree` WHERE `parent_id` = 1 ORDER BY `position` ASC <>
[2012-08-17 10:08:37] No query pending <>
[2012-08-17 10:08:37] UPDATE `tree` SET `position` = `position` + 1 WHERE `parent_id` = 1 AND `position` >= 0  AND `id` NOT IN (-1)  <>
[2012-08-17 10:08:37] UPDATE `tree` SET `left` = `left` + 2 WHERE `left` >= 1  AND `id` NOT IN (-1)  <>
[2012-08-17 10:08:37] UPDATE `tree` SET `right` = `right` + 2 WHERE `right` >= 1  AND `id` NOT IN (-1)  <>
[2012-08-17 10:08:37] INSERT INTO `tree` (`parent_id`, `position`, `left`, `right`, `level` ) VALUES (1, 0, 1, 2, 1) <>
[2012-08-17 10:08:37] SELECT `id` , `parent_id` , `position` , `left` , `right` , `level` , `title` , `type` FROM `tree` WHERE `id` = 0 <>
[2012-08-17 10:08:37] No query pending <>
[2012-08-17 10:08:37] nf: no result set <>
[2012-08-17 10:08:37] SELECT `id` , `parent_id` , `position` , `left` , `right` , `level` , `title` , `type` FROM `tree` WHERE `parent_id` = 0 ORDER BY `position` ASC <>
[2012-08-17 10:08:37] No query pending <>
[2012-08-17 10:08:37] SELECT `id` , `parent_id` , `position` , `left` , `right` , `level` , `title` , `type` FROM `tree` WHERE `id` = 1 <>
[2012-08-17 10:08:37] No query pending <>
[2012-08-17 10:08:37] nf: no result set <>
[2012-08-17 10:08:37] SELECT `id` , `parent_id` , `position` , `left` , `right` , `level` , `title` , `type` FROM `tree` WHERE `parent_id` = 1 ORDER BY `position` ASC <>
[2012-08-17 10:08:37] No query pending <>
[2012-08-17 10:08:37] UPDATE `tree` SET `position` = `position` + 1 WHERE `parent_id` = 1 AND `position` >= 0  AND `id` NOT IN (-1)  <>
[2012-08-17 10:08:37] UPDATE `tree` SET `left` = `left` + 2 WHERE `left` >= 1  AND `id` NOT IN (-1)  <>
[2012-08-17 10:08:37] UPDATE `tree` SET `right` = `right` + 2 WHERE `right` >= 1  AND `id` NOT IN (-1)  <>
[2012-08-17 10:08:37] INSERT INTO `tree` (`parent_id`, `position`, `left`, `right`, `level` ) VALUES (1, 0, 1, 2, 1) <>
[2012-08-17 10:08:37] SELECT `id` , `parent_id` , `position` , `left` , `right` , `level` , `title` , `type` FROM `tree` WHERE `id` = 0 <>
[2012-08-17 10:08:37] No query pending <>
[2012-08-17 10:08:37] nf: no result set <>
[2012-08-17 10:08:37] SELECT `id` , `parent_id` , `position` , `left` , `right` , `level` , `title` , `type` FROM `tree` WHERE `parent_id` = 0 ORDER BY `position` ASC <>
[2012-08-17 10:08:37] No query pending <>
[2012-08-17 10:08:37] SELECT `id` , `parent_id` , `position` , `left` , `right` , `level` , `title` , `type` FROM `tree` WHERE `id` = 2 <>
[2012-08-17 10:08:37] No query pending <>
[2012-08-17 10:08:37] nf: no result set <>
[2012-08-17 10:08:37] SELECT `id` , `parent_id` , `position` , `left` , `right` , `level` , `title` , `type` FROM `tree` WHERE `parent_id` = 2 ORDER BY `position` ASC <>
[2012-08-17 10:08:37] No query pending <>
[2012-08-17 10:08:37] UPDATE `tree` SET `position` = `position` + 1 WHERE `parent_id` = 2 AND `position` >= 0  AND `id` NOT IN (-1)  <>
[2012-08-17 10:08:37] UPDATE `tree` SET `left` = `left` + 2 WHERE `left` >= 1  AND `id` NOT IN (-1)  <>
[2012-08-17 10:08:37] UPDATE `tree` SET `right` = `right` + 2 WHERE `right` >= 1  AND `id` NOT IN (-1)  <>
[2012-08-17 10:08:37] INSERT INTO `tree` (`parent_id`, `position`, `left`, `right`, `level` ) VALUES (2, 0, 1, 2, 1) <>
[2012-08-17 10:08:37] SELECT `id` , `parent_id` , `position` , `left` , `right` , `level` , `title` , `type` FROM `tree` WHERE `id` = 0 <>
[2012-08-17 10:08:37] No query pending <>
[2012-08-17 10:08:37] nf: no result set <>
[2012-08-17 10:08:37] SELECT `id` , `parent_id` , `position` , `left` , `right` , `level` , `title` , `type` FROM `tree` WHERE `parent_id` = 0 ORDER BY `position` ASC <>
[2012-08-17 10:08:37] No query pending <>
[2012-08-17 10:08:37] SELECT `id` , `parent_id` , `position` , `left` , `right` , `level` , `title` , `type` FROM `tree` WHERE `id` = 2 <>
[2012-08-17 10:08:37] No query pending <>
[2012-08-17 10:08:37] nf: no result set <>
[2012-08-17 10:08:37] SELECT `id` , `parent_id` , `position` , `left` , `right` , `level` , `title` , `type` FROM `tree` WHERE `parent_id` = 2 ORDER BY `position` ASC <>
[2012-08-17 10:08:37] No query pending <>
[2012-08-17 10:08:37] UPDATE `tree` SET `position` = `position` + 1 WHERE `parent_id` = 2 AND `position` >= 0  AND `id` NOT IN (-1)  <>
[2012-08-17 10:08:37] UPDATE `tree` SET `left` = `left` + 2 WHERE `left` >= 1  AND `id` NOT IN (-1)  <>
[2012-08-17 10:08:37] UPDATE `tree` SET `right` = `right` + 2 WHERE `right` >= 1  AND `id` NOT IN (-1)  <>
[2012-08-17 10:08:37] INSERT INTO `tree` (`parent_id`, `position`, `left`, `right`, `level` ) VALUES (2, 0, 1, 2, 1) <>
[2012-08-17 10:08:37] SELECT `id` , `parent_id` , `position` , `left` , `right` , `level` , `title` , `type` FROM `tree` WHERE `id` = 0 <>
[2012-08-17 10:08:37] No query pending <>
[2012-08-17 10:08:37] nf: no result set <>
[2012-08-17 10:08:37] SELECT `id` , `parent_id` , `position` , `left` , `right` , `level` , `title` , `type` FROM `tree` WHERE `parent_id` = 0 ORDER BY `position` ASC <>
[2012-08-17 10:08:37] No query pending <>
[2012-08-17 10:08:37] SELECT `id` , `parent_id` , `position` , `left` , `right` , `level` , `title` , `type` FROM `tree` WHERE `id` = 4 <>
[2012-08-17 10:08:37] No query pending <>
[2012-08-17 10:08:37] nf: no result set <>
[2012-08-17 10:08:37] SELECT `id` , `parent_id` , `position` , `left` , `right` , `level` , `title` , `type` FROM `tree` WHERE `parent_id` = 4 ORDER BY `position` ASC <>
[2012-08-17 10:08:37] No query pending <>
[2012-08-17 10:08:37] UPDATE `tree` SET `position` = `position` + 1 WHERE `parent_id` = 4 AND `position` >= 0  AND `id` NOT IN (-1)  <>
[2012-08-17 10:08:37] UPDATE `tree` SET `left` = `left` + 2 WHERE `left` >= 1  AND `id` NOT IN (-1)  <>
[2012-08-17 10:08:37] UPDATE `tree` SET `right` = `right` + 2 WHERE `right` >= 1  AND `id` NOT IN (-1)  <>
[2012-08-17 10:08:37] INSERT INTO `tree` (`parent_id`, `position`, `left`, `right`, `level` ) VALUES (4, 0, 1, 2, 1) <>
[2012-08-17 10:08:37] SELECT `id` , `parent_id` , `position` , `left` , `right` , `level` , `title` , `type` FROM `tree` WHERE `id` = 0 <>
[2012-08-17 10:08:37] No query pending <>
[2012-08-17 10:08:37] nf: no result set <>
[2012-08-17 10:08:37] SELECT `id` , `parent_id` , `position` , `left` , `right` , `level` , `title` , `type` FROM `tree` WHERE `parent_id` = 0 ORDER BY `position` ASC <>
[2012-08-17 10:08:37] No query pending <>
[2012-08-17 10:08:37] SELECT `id` , `parent_id` , `position` , `left` , `right` , `level` , `title` , `type` FROM `tree` WHERE `id` = 5 <>
[2012-08-17 10:08:37] No query pending <>
[2012-08-17 10:08:37] nf: no result set <>
[2012-08-17 10:08:37] SELECT `id` , `parent_id` , `position` , `left` , `right` , `level` , `title` , `type` FROM `tree` WHERE `parent_id` = 5 ORDER BY `position` ASC <>
[2012-08-17 10:08:37] No query pending <>
[2012-08-17 10:08:37] UPDATE `tree` SET `position` = `position` + 1 WHERE `parent_id` = 5 AND `position` >= 0  AND `id` NOT IN (-1)  <>
[2012-08-17 10:08:37] UPDATE `tree` SET `left` = `left` + 2 WHERE `left` >= 1  AND `id` NOT IN (-1)  <>
[2012-08-17 10:08:37] UPDATE `tree` SET `right` = `right` + 2 WHERE `right` >= 1  AND `id` NOT IN (-1)  <>
[2012-08-17 10:08:37] INSERT INTO `tree` (`parent_id`, `position`, `left`, `right`, `level` ) VALUES (5, 0, 1, 2, 1) <>
[2012-08-17 10:08:37] SELECT `id` , `parent_id` , `position` , `left` , `right` , `level` , `title` , `type` FROM `tree` WHERE `parent_id` = 1 ORDER BY `position` ASC <>
[2012-08-17 10:08:37] No query pending <>
[2012-08-17 10:08:38] Connection error: Access denied for user 'root'@'localhost' (using password: NO) <>
[2012-08-17 10:08:38] Could node connect for query: SELECT `id` , `parent_id` , `position` , `left` , `right` , `level` , `title` , `type` FROM `tree` WHERE `parent_id` = 1 ORDER BY `position` ASC <>
[2012-08-17 10:08:38] No query pending <>
[2012-08-17 10:08:38] TRUNCATE TABLE `tree` <>
[2012-08-17 10:08:38] INSERT INTO `tree` (`id`, `parent_id`, `position`, `left`, `right`, `level` ) VALUES (1, 0, 0, 1, 2, 0 ) <>
[2012-08-17 10:08:38] SELECT `id` , `parent_id` , `position` , `left` , `right` , `level` , `title` , `type` FROM `tree` WHERE `id` = 0 <>
[2012-08-17 10:08:38] No query pending <>
[2012-08-17 10:08:38] nf: no result set <>
[2012-08-17 10:08:38] SELECT `id` , `parent_id` , `position` , `left` , `right` , `level` , `title` , `type` FROM `tree` WHERE `parent_id` = 0 ORDER BY `position` ASC <>
[2012-08-17 10:08:38] No query pending <>
[2012-08-17 10:08:38] SELECT `id` , `parent_id` , `position` , `left` , `right` , `level` , `title` , `type` FROM `tree` WHERE `id` = 1 <>
[2012-08-17 10:08:38] No query pending <>
[2012-08-17 10:08:38] nf: no result set <>
[2012-08-17 10:08:38] SELECT `id` , `parent_id` , `position` , `left` , `right` , `level` , `title` , `type` FROM `tree` WHERE `parent_id` = 1 ORDER BY `position` ASC <>
[2012-08-17 10:08:38] No query pending <>
[2012-08-17 10:08:38] UPDATE `tree` SET `position` = `position` + 1 WHERE `parent_id` = 1 AND `position` >= 0  AND `id` NOT IN (-1)  <>
[2012-08-17 10:08:38] UPDATE `tree` SET `left` = `left` + 2 WHERE `left` >= 1  AND `id` NOT IN (-1)  <>
[2012-08-17 10:08:38] UPDATE `tree` SET `right` = `right` + 2 WHERE `right` >= 1  AND `id` NOT IN (-1)  <>
[2012-08-17 10:08:38] INSERT INTO `tree` (`parent_id`, `position`, `left`, `right`, `level` ) VALUES (1, 0, 1, 2, 1) <>
[2012-08-17 10:08:38] SELECT `id` , `parent_id` , `position` , `left` , `right` , `level` , `title` , `type` FROM `tree` WHERE `id` = 0 <>
[2012-08-17 10:08:38] No query pending <>
[2012-08-17 10:08:38] nf: no result set <>
[2012-08-17 10:08:38] SELECT `id` , `parent_id` , `position` , `left` , `right` , `level` , `title` , `type` FROM `tree` WHERE `parent_id` = 0 ORDER BY `position` ASC <>
[2012-08-17 10:08:38] No query pending <>
[2012-08-17 10:08:38] SELECT `id` , `parent_id` , `position` , `left` , `right` , `level` , `title` , `type` FROM `tree` WHERE `id` = 1 <>
[2012-08-17 10:08:38] No query pending <>
[2012-08-17 10:08:38] nf: no result set <>
[2012-08-17 10:08:38] SELECT `id` , `parent_id` , `position` , `left` , `right` , `level` , `title` , `type` FROM `tree` WHERE `parent_id` = 1 ORDER BY `position` ASC <>
[2012-08-17 10:08:38] No query pending <>
[2012-08-17 10:08:38] UPDATE `tree` SET `position` = `position` + 1 WHERE `parent_id` = 1 AND `position` >= 0  AND `id` NOT IN (-1)  <>
[2012-08-17 10:08:38] UPDATE `tree` SET `left` = `left` + 2 WHERE `left` >= 1  AND `id` NOT IN (-1)  <>
[2012-08-17 10:08:38] UPDATE `tree` SET `right` = `right` + 2 WHERE `right` >= 1  AND `id` NOT IN (-1)  <>
[2012-08-17 10:08:38] INSERT INTO `tree` (`parent_id`, `position`, `left`, `right`, `level` ) VALUES (1, 0, 1, 2, 1) <>
[2012-08-17 10:08:38] SELECT `id` , `parent_id` , `position` , `left` , `right` , `level` , `title` , `type` FROM `tree` WHERE `id` = 0 <>
[2012-08-17 10:08:38] No query pending <>
[2012-08-17 10:08:38] nf: no result set <>
[2012-08-17 10:08:38] SELECT `id` , `parent_id` , `position` , `left` , `right` , `level` , `title` , `type` FROM `tree` WHERE `parent_id` = 0 ORDER BY `position` ASC <>
[2012-08-17 10:08:38] No query pending <>
[2012-08-17 10:08:38] SELECT `id` , `parent_id` , `position` , `left` , `right` , `level` , `title` , `type` FROM `tree` WHERE `id` = 2 <>
[2012-08-17 10:08:38] No query pending <>
[2012-08-17 10:08:38] nf: no result set <>
[2012-08-17 10:08:38] SELECT `id` , `parent_id` , `position` , `left` , `right` , `level` , `title` , `type` FROM `tree` WHERE `parent_id` = 2 ORDER BY `position` ASC <>
[2012-08-17 10:08:38] No query pending <>
[2012-08-17 10:08:38] UPDATE `tree` SET `position` = `position` + 1 WHERE `parent_id` = 2 AND `position` >= 0  AND `id` NOT IN (-1)  <>
[2012-08-17 10:08:38] UPDATE `tree` SET `left` = `left` + 2 WHERE `left` >= 1  AND `id` NOT IN (-1)  <>
[2012-08-17 10:08:38] UPDATE `tree` SET `right` = `right` + 2 WHERE `right` >= 1  AND `id` NOT IN (-1)  <>
[2012-08-17 10:08:38] INSERT INTO `tree` (`parent_id`, `position`, `left`, `right`, `level` ) VALUES (2, 0, 1, 2, 1) <>
[2012-08-17 10:08:38] SELECT `id` , `parent_id` , `position` , `left` , `right` , `level` , `title` , `type` FROM `tree` WHERE `id` = 0 <>
[2012-08-17 10:08:38] No query pending <>
[2012-08-17 10:08:38] nf: no result set <>
[2012-08-17 10:08:38] SELECT `id` , `parent_id` , `position` , `left` , `right` , `level` , `title` , `type` FROM `tree` WHERE `parent_id` = 0 ORDER BY `position` ASC <>
[2012-08-17 10:08:38] No query pending <>
[2012-08-17 10:08:38] SELECT `id` , `parent_id` , `position` , `left` , `right` , `level` , `title` , `type` FROM `tree` WHERE `id` = 2 <>
[2012-08-17 10:08:38] No query pending <>
[2012-08-17 10:08:38] nf: no result set <>
[2012-08-17 10:08:38] SELECT `id` , `parent_id` , `position` , `left` , `right` , `level` , `title` , `type` FROM `tree` WHERE `parent_id` = 2 ORDER BY `position` ASC <>
[2012-08-17 10:08:38] No query pending <>
[2012-08-17 10:08:38] UPDATE `tree` SET `position` = `position` + 1 WHERE `parent_id` = 2 AND `position` >= 0  AND `id` NOT IN (-1)  <>
[2012-08-17 10:08:38] UPDATE `tree` SET `left` = `left` + 2 WHERE `left` >= 1  AND `id` NOT IN (-1)  <>
[2012-08-17 10:08:38] UPDATE `tree` SET `right` = `right` + 2 WHERE `right` >= 1  AND `id` NOT IN (-1)  <>
[2012-08-17 10:08:38] INSERT INTO `tree` (`parent_id`, `position`, `left`, `right`, `level` ) VALUES (2, 0, 1, 2, 1) <>
[2012-08-17 10:08:38] SELECT `id` , `parent_id` , `position` , `left` , `right` , `level` , `title` , `type` FROM `tree` WHERE `id` = 0 <>
[2012-08-17 10:08:38] No query pending <>
[2012-08-17 10:08:38] nf: no result set <>
[2012-08-17 10:08:38] SELECT `id` , `parent_id` , `position` , `left` , `right` , `level` , `title` , `type` FROM `tree` WHERE `parent_id` = 0 ORDER BY `position` ASC <>
[2012-08-17 10:08:38] No query pending <>
[2012-08-17 10:08:38] SELECT `id` , `parent_id` , `position` , `left` , `right` , `level` , `title` , `type` FROM `tree` WHERE `id` = 4 <>
[2012-08-17 10:08:38] No query pending <>
[2012-08-17 10:08:38] nf: no result set <>
[2012-08-17 10:08:38] SELECT `id` , `parent_id` , `position` , `left` , `right` , `level` , `title` , `type` FROM `tree` WHERE `parent_id` = 4 ORDER BY `position` ASC <>
[2012-08-17 10:08:38] No query pending <>
[2012-08-17 10:08:38] UPDATE `tree` SET `position` = `position` + 1 WHERE `parent_id` = 4 AND `position` >= 0  AND `id` NOT IN (-1)  <>
[2012-08-17 10:08:38] UPDATE `tree` SET `left` = `left` + 2 WHERE `left` >= 1  AND `id` NOT IN (-1)  <>
[2012-08-17 10:08:38] UPDATE `tree` SET `right` = `right` + 2 WHERE `right` >= 1  AND `id` NOT IN (-1)  <>
[2012-08-17 10:08:38] INSERT INTO `tree` (`parent_id`, `position`, `left`, `right`, `level` ) VALUES (4, 0, 1, 2, 1) <>
[2012-08-17 10:08:38] SELECT `id` , `parent_id` , `position` , `left` , `right` , `level` , `title` , `type` FROM `tree` WHERE `id` = 0 <>
[2012-08-17 10:08:38] No query pending <>
[2012-08-17 10:08:38] nf: no result set <>
[2012-08-17 10:08:38] SELECT `id` , `parent_id` , `position` , `left` , `right` , `level` , `title` , `type` FROM `tree` WHERE `parent_id` = 0 ORDER BY `position` ASC <>
[2012-08-17 10:08:38] No query pending <>
[2012-08-17 10:08:38] SELECT `id` , `parent_id` , `position` , `left` , `right` , `level` , `title` , `type` FROM `tree` WHERE `id` = 5 <>
[2012-08-17 10:08:38] No query pending <>
[2012-08-17 10:08:38] nf: no result set <>
[2012-08-17 10:08:38] SELECT `id` , `parent_id` , `position` , `left` , `right` , `level` , `title` , `type` FROM `tree` WHERE `parent_id` = 5 ORDER BY `position` ASC <>
[2012-08-17 10:08:38] No query pending <>
[2012-08-17 10:08:38] UPDATE `tree` SET `position` = `position` + 1 WHERE `parent_id` = 5 AND `position` >= 0  AND `id` NOT IN (-1)  <>
[2012-08-17 10:08:38] UPDATE `tree` SET `left` = `left` + 2 WHERE `left` >= 1  AND `id` NOT IN (-1)  <>
[2012-08-17 10:08:38] UPDATE `tree` SET `right` = `right` + 2 WHERE `right` >= 1  AND `id` NOT IN (-1)  <>
[2012-08-17 10:08:38] INSERT INTO `tree` (`parent_id`, `position`, `left`, `right`, `level` ) VALUES (5, 0, 1, 2, 1) <>
[2012-08-17 10:08:38] SELECT `id` , `parent_id` , `position` , `left` , `right` , `level` , `title` , `type` FROM `tree` WHERE `parent_id` = 1 ORDER BY `position` ASC <>
[2012-08-17 10:08:38] No query pending <>
[2012-08-17 10:08:46] Connection error: Access denied for user 'root'@'localhost' (using password: NO) <>
[2012-08-17 10:08:46] Could node connect for query: CREATE TEMPORARY TABLE `temp_tree` (`id` INTEGER NOT NULL, `parent_id` INTEGER NOT NULL, `position` INTEGER NOT NULL) type=HEAP <>
[2012-08-17 10:08:46] INSERT INTO `temp_tree` SELECT `id`, `parent_id`, `position` FROM `tree` <>
[2012-08-17 10:08:46] CREATE TEMPORARY TABLE `temp_stack` (`id` INTEGER NOT NULL, `left` INTEGER, `right` INTEGER, `level` INTEGER, `stack_top` INTEGER NOT NULL, `parent_id` INTEGER, `position` INTEGER ) type=HEAP <>
[2012-08-17 10:08:46] SELECT COUNT(*) FROM temp_tree <>
[2012-08-17 10:08:46] No query pending <>
[2012-08-17 10:08:46] INSERT INTO `temp_stack` SELECT `id`, 1, NULL, 0, 1, `parent_id`, `position` FROM `temp_tree` WHERE `parent_id` = 0 <>
[2012-08-17 10:08:46] DELETE FROM `temp_tree` WHERE `parent_id` = 0 <>
[2012-08-17 10:08:46] CREATE TEMPORARY TABLE `temp_tree2` SELECT `id`, `title`, `type` FROM `tree`  <>
[2012-08-17 10:08:46] TRUNCATE TABLE `tree` <>
[2012-08-17 10:08:46] INSERT INTO tree (`id`, `parent_id`, `position`, `left`, `right`, `level` ) SELECT `id`, `parent_id`, `position`, `left`, `right`, `level` FROM temp_stack ORDER BY `id` <>
[2012-08-17 10:08:46] UPDATE `tree` v, `temp_tree2` SET v.`id` = v.`id` , v.`title` = `temp_tree2`.`title` , v.`type` = `temp_tree2`.`type`  WHERE v.`id` = `temp_tree2`.`id`  <>
[2012-08-17 10:08:46] Connection error: Access denied for user 'root'@'localhost' (using password: NO) <>
[2012-08-17 10:08:46] Could node connect for query: SELECT `id` , `parent_id` , `position` , `left` , `right` , `level` , `title` , `type` FROM `tree` WHERE `parent_id` = 1 ORDER BY `position` ASC <>
[2012-08-17 10:08:46] No query pending <>
[2012-08-17 10:08:46] TRUNCATE TABLE `tree` <>
[2012-08-17 10:08:46] INSERT INTO `tree` (`id`, `parent_id`, `position`, `left`, `right`, `level` ) VALUES (1, 0, 0, 1, 2, 0 ) <>
[2012-08-17 10:08:46] SELECT `id` , `parent_id` , `position` , `left` , `right` , `level` , `title` , `type` FROM `tree` WHERE `id` = 0 <>
[2012-08-17 10:08:46] No query pending <>
[2012-08-17 10:08:46] nf: no result set <>
[2012-08-17 10:08:46] SELECT `id` , `parent_id` , `position` , `left` , `right` , `level` , `title` , `type` FROM `tree` WHERE `parent_id` = 0 ORDER BY `position` ASC <>
[2012-08-17 10:08:46] No query pending <>
[2012-08-17 10:08:46] SELECT `id` , `parent_id` , `position` , `left` , `right` , `level` , `title` , `type` FROM `tree` WHERE `id` = 1 <>
[2012-08-17 10:08:46] No query pending <>
[2012-08-17 10:08:46] nf: no result set <>
[2012-08-17 10:08:46] SELECT `id` , `parent_id` , `position` , `left` , `right` , `level` , `title` , `type` FROM `tree` WHERE `parent_id` = 1 ORDER BY `position` ASC <>
[2012-08-17 10:08:46] No query pending <>
[2012-08-17 10:08:46] UPDATE `tree` SET `position` = `position` + 1 WHERE `parent_id` = 1 AND `position` >= 0  AND `id` NOT IN (-1)  <>
[2012-08-17 10:08:46] UPDATE `tree` SET `left` = `left` + 2 WHERE `left` >= 1  AND `id` NOT IN (-1)  <>
[2012-08-17 10:08:46] UPDATE `tree` SET `right` = `right` + 2 WHERE `right` >= 1  AND `id` NOT IN (-1)  <>
[2012-08-17 10:08:46] INSERT INTO `tree` (`parent_id`, `position`, `left`, `right`, `level` ) VALUES (1, 0, 1, 2, 1) <>
[2012-08-17 10:08:46] SELECT `id` , `parent_id` , `position` , `left` , `right` , `level` , `title` , `type` FROM `tree` WHERE `id` = 0 <>
[2012-08-17 10:08:46] No query pending <>
[2012-08-17 10:08:46] nf: no result set <>
[2012-08-17 10:08:46] SELECT `id` , `parent_id` , `position` , `left` , `right` , `level` , `title` , `type` FROM `tree` WHERE `parent_id` = 0 ORDER BY `position` ASC <>
[2012-08-17 10:08:46] No query pending <>
[2012-08-17 10:08:46] SELECT `id` , `parent_id` , `position` , `left` , `right` , `level` , `title` , `type` FROM `tree` WHERE `id` = 1 <>
[2012-08-17 10:08:46] No query pending <>
[2012-08-17 10:08:46] nf: no result set <>
[2012-08-17 10:08:46] SELECT `id` , `parent_id` , `position` , `left` , `right` , `level` , `title` , `type` FROM `tree` WHERE `parent_id` = 1 ORDER BY `position` ASC <>
[2012-08-17 10:08:46] No query pending <>
[2012-08-17 10:08:46] UPDATE `tree` SET `position` = `position` + 1 WHERE `parent_id` = 1 AND `position` >= 0  AND `id` NOT IN (-1)  <>
[2012-08-17 10:08:46] UPDATE `tree` SET `left` = `left` + 2 WHERE `left` >= 1  AND `id` NOT IN (-1)  <>
[2012-08-17 10:08:46] UPDATE `tree` SET `right` = `right` + 2 WHERE `right` >= 1  AND `id` NOT IN (-1)  <>
[2012-08-17 10:08:46] INSERT INTO `tree` (`parent_id`, `position`, `left`, `right`, `level` ) VALUES (1, 0, 1, 2, 1) <>
[2012-08-17 10:08:46] SELECT `id` , `parent_id` , `position` , `left` , `right` , `level` , `title` , `type` FROM `tree` WHERE `id` = 0 <>
[2012-08-17 10:08:46] No query pending <>
[2012-08-17 10:08:46] nf: no result set <>
[2012-08-17 10:08:46] SELECT `id` , `parent_id` , `position` , `left` , `right` , `level` , `title` , `type` FROM `tree` WHERE `parent_id` = 0 ORDER BY `position` ASC <>
[2012-08-17 10:08:46] No query pending <>
[2012-08-17 10:08:46] SELECT `id` , `parent_id` , `position` , `left` , `right` , `level` , `title` , `type` FROM `tree` WHERE `id` = 2 <>
[2012-08-17 10:08:46] No query pending <>
[2012-08-17 10:08:46] nf: no result set <>
[2012-08-17 10:08:46] SELECT `id` , `parent_id` , `position` , `left` , `right` , `level` , `title` , `type` FROM `tree` WHERE `parent_id` = 2 ORDER BY `position` ASC <>
[2012-08-17 10:08:46] No query pending <>
[2012-08-17 10:08:46] UPDATE `tree` SET `position` = `position` + 1 WHERE `parent_id` = 2 AND `position` >= 0  AND `id` NOT IN (-1)  <>
[2012-08-17 10:08:46] UPDATE `tree` SET `left` = `left` + 2 WHERE `left` >= 1  AND `id` NOT IN (-1)  <>
[2012-08-17 10:08:46] UPDATE `tree` SET `right` = `right` + 2 WHERE `right` >= 1  AND `id` NOT IN (-1)  <>
[2012-08-17 10:08:46] INSERT INTO `tree` (`parent_id`, `position`, `left`, `right`, `level` ) VALUES (2, 0, 1, 2, 1) <>
[2012-08-17 10:08:46] SELECT `id` , `parent_id` , `position` , `left` , `right` , `level` , `title` , `type` FROM `tree` WHERE `id` = 0 <>
[2012-08-17 10:08:46] No query pending <>
[2012-08-17 10:08:46] nf: no result set <>
[2012-08-17 10:08:46] SELECT `id` , `parent_id` , `position` , `left` , `right` , `level` , `title` , `type` FROM `tree` WHERE `parent_id` = 0 ORDER BY `position` ASC <>
[2012-08-17 10:08:46] No query pending <>
[2012-08-17 10:08:46] SELECT `id` , `parent_id` , `position` , `left` , `right` , `level` , `title` , `type` FROM `tree` WHERE `id` = 2 <>
[2012-08-17 10:08:46] No query pending <>
[2012-08-17 10:08:46] nf: no result set <>
[2012-08-17 10:08:46] SELECT `id` , `parent_id` , `position` , `left` , `right` , `level` , `title` , `type` FROM `tree` WHERE `parent_id` = 2 ORDER BY `position` ASC <>
[2012-08-17 10:08:46] No query pending <>
[2012-08-17 10:08:46] UPDATE `tree` SET `position` = `position` + 1 WHERE `parent_id` = 2 AND `position` >= 0  AND `id` NOT IN (-1)  <>
[2012-08-17 10:08:46] UPDATE `tree` SET `left` = `left` + 2 WHERE `left` >= 1  AND `id` NOT IN (-1)  <>
[2012-08-17 10:08:46] UPDATE `tree` SET `right` = `right` + 2 WHERE `right` >= 1  AND `id` NOT IN (-1)  <>
[2012-08-17 10:08:46] INSERT INTO `tree` (`parent_id`, `position`, `left`, `right`, `level` ) VALUES (2, 0, 1, 2, 1) <>
[2012-08-17 10:08:46] SELECT `id` , `parent_id` , `position` , `left` , `right` , `level` , `title` , `type` FROM `tree` WHERE `id` = 0 <>
[2012-08-17 10:08:46] No query pending <>
[2012-08-17 10:08:46] nf: no result set <>
[2012-08-17 10:08:46] SELECT `id` , `parent_id` , `position` , `left` , `right` , `level` , `title` , `type` FROM `tree` WHERE `parent_id` = 0 ORDER BY `position` ASC <>
[2012-08-17 10:08:46] No query pending <>
[2012-08-17 10:08:46] SELECT `id` , `parent_id` , `position` , `left` , `right` , `level` , `title` , `type` FROM `tree` WHERE `id` = 4 <>
[2012-08-17 10:08:46] No query pending <>
[2012-08-17 10:08:46] nf: no result set <>
[2012-08-17 10:08:46] SELECT `id` , `parent_id` , `position` , `left` , `right` , `level` , `title` , `type` FROM `tree` WHERE `parent_id` = 4 ORDER BY `position` ASC <>
[2012-08-17 10:08:46] No query pending <>
[2012-08-17 10:08:46] UPDATE `tree` SET `position` = `position` + 1 WHERE `parent_id` = 4 AND `position` >= 0  AND `id` NOT IN (-1)  <>
[2012-08-17 10:08:46] UPDATE `tree` SET `left` = `left` + 2 WHERE `left` >= 1  AND `id` NOT IN (-1)  <>
[2012-08-17 10:08:46] UPDATE `tree` SET `right` = `right` + 2 WHERE `right` >= 1  AND `id` NOT IN (-1)  <>
[2012-08-17 10:08:46] INSERT INTO `tree` (`parent_id`, `position`, `left`, `right`, `level` ) VALUES (4, 0, 1, 2, 1) <>
[2012-08-17 10:08:46] SELECT `id` , `parent_id` , `position` , `left` , `right` , `level` , `title` , `type` FROM `tree` WHERE `id` = 0 <>
[2012-08-17 10:08:46] No query pending <>
[2012-08-17 10:08:46] nf: no result set <>
[2012-08-17 10:08:46] SELECT `id` , `parent_id` , `position` , `left` , `right` , `level` , `title` , `type` FROM `tree` WHERE `parent_id` = 0 ORDER BY `position` ASC <>
[2012-08-17 10:08:46] No query pending <>
[2012-08-17 10:08:46] SELECT `id` , `parent_id` , `position` , `left` , `right` , `level` , `title` , `type` FROM `tree` WHERE `id` = 5 <>
[2012-08-17 10:08:46] No query pending <>
[2012-08-17 10:08:46] nf: no result set <>
[2012-08-17 10:08:46] SELECT `id` , `parent_id` , `position` , `left` , `right` , `level` , `title` , `type` FROM `tree` WHERE `parent_id` = 5 ORDER BY `position` ASC <>
[2012-08-17 10:08:46] No query pending <>
[2012-08-17 10:08:46] UPDATE `tree` SET `position` = `position` + 1 WHERE `parent_id` = 5 AND `position` >= 0  AND `id` NOT IN (-1)  <>
[2012-08-17 10:08:46] UPDATE `tree` SET `left` = `left` + 2 WHERE `left` >= 1  AND `id` NOT IN (-1)  <>
[2012-08-17 10:08:46] UPDATE `tree` SET `right` = `right` + 2 WHERE `right` >= 1  AND `id` NOT IN (-1)  <>
[2012-08-17 10:08:46] INSERT INTO `tree` (`parent_id`, `position`, `left`, `right`, `level` ) VALUES (5, 0, 1, 2, 1) <>
[2012-08-17 10:08:46] SELECT `id` , `parent_id` , `position` , `left` , `right` , `level` , `title` , `type` FROM `tree` WHERE `parent_id` = 1 ORDER BY `position` ASC <>
[2012-08-17 10:08:46] No query pending <>
[2012-08-17 10:09:28] Connection error: Access denied for user 'root'@'localhost' (using password: NO) <>
[2012-08-17 10:09:28] Could node connect for query: SELECT `id` , `parent_id` , `position` , `left` , `right` , `level` , `title` , `type` FROM `tree` WHERE `parent_id` = 1 ORDER BY `position` ASC <>
[2012-08-17 10:09:28] No query pending <>
[2012-08-17 10:09:28] TRUNCATE TABLE `tree` <>
[2012-08-17 10:09:28] INSERT INTO `tree` (`id`, `parent_id`, `position`, `left`, `right`, `level` ) VALUES (1, 0, 0, 1, 2, 0 ) <>
[2012-08-17 10:09:28] SELECT `id` , `parent_id` , `position` , `left` , `right` , `level` , `title` , `type` FROM `tree` WHERE `id` = 0 <>
[2012-08-17 10:09:28] No query pending <>
[2012-08-17 10:09:28] nf: no result set <>
[2012-08-17 10:09:28] SELECT `id` , `parent_id` , `position` , `left` , `right` , `level` , `title` , `type` FROM `tree` WHERE `parent_id` = 0 ORDER BY `position` ASC <>
[2012-08-17 10:09:28] No query pending <>
[2012-08-17 10:09:28] SELECT `id` , `parent_id` , `position` , `left` , `right` , `level` , `title` , `type` FROM `tree` WHERE `id` = 1 <>
[2012-08-17 10:09:28] No query pending <>
[2012-08-17 10:09:28] nf: no result set <>
[2012-08-17 10:09:28] SELECT `id` , `parent_id` , `position` , `left` , `right` , `level` , `title` , `type` FROM `tree` WHERE `parent_id` = 1 ORDER BY `position` ASC <>
[2012-08-17 10:09:28] No query pending <>
[2012-08-17 10:09:28] UPDATE `tree` SET `position` = `position` + 1 WHERE `parent_id` = 1 AND `position` >= 0  AND `id` NOT IN (-1)  <>
[2012-08-17 10:09:28] UPDATE `tree` SET `left` = `left` + 2 WHERE `left` >= 1  AND `id` NOT IN (-1)  <>
[2012-08-17 10:09:28] UPDATE `tree` SET `right` = `right` + 2 WHERE `right` >= 1  AND `id` NOT IN (-1)  <>
[2012-08-17 10:09:28] INSERT INTO `tree` (`parent_id`, `position`, `left`, `right`, `level` ) VALUES (1, 0, 1, 2, 1) <>
[2012-08-17 10:09:28] SELECT `id` , `parent_id` , `position` , `left` , `right` , `level` , `title` , `type` FROM `tree` WHERE `id` = 0 <>
[2012-08-17 10:09:28] No query pending <>
[2012-08-17 10:09:28] nf: no result set <>
[2012-08-17 10:09:28] SELECT `id` , `parent_id` , `position` , `left` , `right` , `level` , `title` , `type` FROM `tree` WHERE `parent_id` = 0 ORDER BY `position` ASC <>
[2012-08-17 10:09:28] No query pending <>
[2012-08-17 10:09:28] SELECT `id` , `parent_id` , `position` , `left` , `right` , `level` , `title` , `type` FROM `tree` WHERE `id` = 1 <>
[2012-08-17 10:09:28] No query pending <>
[2012-08-17 10:09:28] nf: no result set <>
[2012-08-17 10:09:28] SELECT `id` , `parent_id` , `position` , `left` , `right` , `level` , `title` , `type` FROM `tree` WHERE `parent_id` = 1 ORDER BY `position` ASC <>
[2012-08-17 10:09:28] No query pending <>
[2012-08-17 10:09:28] UPDATE `tree` SET `position` = `position` + 1 WHERE `parent_id` = 1 AND `position` >= 0  AND `id` NOT IN (-1)  <>
[2012-08-17 10:09:28] UPDATE `tree` SET `left` = `left` + 2 WHERE `left` >= 1  AND `id` NOT IN (-1)  <>
[2012-08-17 10:09:28] UPDATE `tree` SET `right` = `right` + 2 WHERE `right` >= 1  AND `id` NOT IN (-1)  <>
[2012-08-17 10:09:28] INSERT INTO `tree` (`parent_id`, `position`, `left`, `right`, `level` ) VALUES (1, 0, 1, 2, 1) <>
[2012-08-17 10:09:28] SELECT `id` , `parent_id` , `position` , `left` , `right` , `level` , `title` , `type` FROM `tree` WHERE `id` = 0 <>
[2012-08-17 10:09:28] No query pending <>
[2012-08-17 10:09:28] nf: no result set <>
[2012-08-17 10:09:28] SELECT `id` , `parent_id` , `position` , `left` , `right` , `level` , `title` , `type` FROM `tree` WHERE `parent_id` = 0 ORDER BY `position` ASC <>
[2012-08-17 10:09:28] No query pending <>
[2012-08-17 10:09:28] SELECT `id` , `parent_id` , `position` , `left` , `right` , `level` , `title` , `type` FROM `tree` WHERE `id` = 2 <>
[2012-08-17 10:09:28] No query pending <>
[2012-08-17 10:09:28] nf: no result set <>
[2012-08-17 10:09:28] SELECT `id` , `parent_id` , `position` , `left` , `right` , `level` , `title` , `type` FROM `tree` WHERE `parent_id` = 2 ORDER BY `position` ASC <>
[2012-08-17 10:09:28] No query pending <>
[2012-08-17 10:09:28] UPDATE `tree` SET `position` = `position` + 1 WHERE `parent_id` = 2 AND `position` >= 0  AND `id` NOT IN (-1)  <>
[2012-08-17 10:09:28] UPDATE `tree` SET `left` = `left` + 2 WHERE `left` >= 1  AND `id` NOT IN (-1)  <>
[2012-08-17 10:09:28] UPDATE `tree` SET `right` = `right` + 2 WHERE `right` >= 1  AND `id` NOT IN (-1)  <>
[2012-08-17 10:09:28] INSERT INTO `tree` (`parent_id`, `position`, `left`, `right`, `level` ) VALUES (2, 0, 1, 2, 1) <>
[2012-08-17 10:09:28] SELECT `id` , `parent_id` , `position` , `left` , `right` , `level` , `title` , `type` FROM `tree` WHERE `id` = 0 <>
[2012-08-17 10:09:28] No query pending <>
[2012-08-17 10:09:28] nf: no result set <>
[2012-08-17 10:09:28] SELECT `id` , `parent_id` , `position` , `left` , `right` , `level` , `title` , `type` FROM `tree` WHERE `parent_id` = 0 ORDER BY `position` ASC <>
[2012-08-17 10:09:28] No query pending <>
[2012-08-17 10:09:28] SELECT `id` , `parent_id` , `position` , `left` , `right` , `level` , `title` , `type` FROM `tree` WHERE `id` = 2 <>
[2012-08-17 10:09:28] No query pending <>
[2012-08-17 10:09:28] nf: no result set <>
[2012-08-17 10:09:28] SELECT `id` , `parent_id` , `position` , `left` , `right` , `level` , `title` , `type` FROM `tree` WHERE `parent_id` = 2 ORDER BY `position` ASC <>
[2012-08-17 10:09:28] No query pending <>
[2012-08-17 10:09:28] UPDATE `tree` SET `position` = `position` + 1 WHERE `parent_id` = 2 AND `position` >= 0  AND `id` NOT IN (-1)  <>
[2012-08-17 10:09:28] UPDATE `tree` SET `left` = `left` + 2 WHERE `left` >= 1  AND `id` NOT IN (-1)  <>
[2012-08-17 10:09:28] UPDATE `tree` SET `right` = `right` + 2 WHERE `right` >= 1  AND `id` NOT IN (-1)  <>
[2012-08-17 10:09:28] INSERT INTO `tree` (`parent_id`, `position`, `left`, `right`, `level` ) VALUES (2, 0, 1, 2, 1) <>
[2012-08-17 10:09:28] SELECT `id` , `parent_id` , `position` , `left` , `right` , `level` , `title` , `type` FROM `tree` WHERE `id` = 0 <>
[2012-08-17 10:09:28] No query pending <>
[2012-08-17 10:09:28] nf: no result set <>
[2012-08-17 10:09:28] SELECT `id` , `parent_id` , `position` , `left` , `right` , `level` , `title` , `type` FROM `tree` WHERE `parent_id` = 0 ORDER BY `position` ASC <>
[2012-08-17 10:09:28] No query pending <>
[2012-08-17 10:09:28] SELECT `id` , `parent_id` , `position` , `left` , `right` , `level` , `title` , `type` FROM `tree` WHERE `id` = 4 <>
[2012-08-17 10:09:28] No query pending <>
[2012-08-17 10:09:28] nf: no result set <>
[2012-08-17 10:09:28] SELECT `id` , `parent_id` , `position` , `left` , `right` , `level` , `title` , `type` FROM `tree` WHERE `parent_id` = 4 ORDER BY `position` ASC <>
[2012-08-17 10:09:28] No query pending <>
[2012-08-17 10:09:28] UPDATE `tree` SET `position` = `position` + 1 WHERE `parent_id` = 4 AND `position` >= 0  AND `id` NOT IN (-1)  <>
[2012-08-17 10:09:28] UPDATE `tree` SET `left` = `left` + 2 WHERE `left` >= 1  AND `id` NOT IN (-1)  <>
[2012-08-17 10:09:28] UPDATE `tree` SET `right` = `right` + 2 WHERE `right` >= 1  AND `id` NOT IN (-1)  <>
[2012-08-17 10:09:28] INSERT INTO `tree` (`parent_id`, `position`, `left`, `right`, `level` ) VALUES (4, 0, 1, 2, 1) <>
[2012-08-17 10:09:28] SELECT `id` , `parent_id` , `position` , `left` , `right` , `level` , `title` , `type` FROM `tree` WHERE `id` = 0 <>
[2012-08-17 10:09:28] No query pending <>
[2012-08-17 10:09:28] nf: no result set <>
[2012-08-17 10:09:28] SELECT `id` , `parent_id` , `position` , `left` , `right` , `level` , `title` , `type` FROM `tree` WHERE `parent_id` = 0 ORDER BY `position` ASC <>
[2012-08-17 10:09:28] No query pending <>
[2012-08-17 10:09:28] SELECT `id` , `parent_id` , `position` , `left` , `right` , `level` , `title` , `type` FROM `tree` WHERE `id` = 5 <>
[2012-08-17 10:09:28] No query pending <>
[2012-08-17 10:09:28] nf: no result set <>
[2012-08-17 10:09:28] SELECT `id` , `parent_id` , `position` , `left` , `right` , `level` , `title` , `type` FROM `tree` WHERE `parent_id` = 5 ORDER BY `position` ASC <>
[2012-08-17 10:09:28] No query pending <>
[2012-08-17 10:09:28] UPDATE `tree` SET `position` = `position` + 1 WHERE `parent_id` = 5 AND `position` >= 0  AND `id` NOT IN (-1)  <>
[2012-08-17 10:09:28] UPDATE `tree` SET `left` = `left` + 2 WHERE `left` >= 1  AND `id` NOT IN (-1)  <>
[2012-08-17 10:09:28] UPDATE `tree` SET `right` = `right` + 2 WHERE `right` >= 1  AND `id` NOT IN (-1)  <>
[2012-08-17 10:09:28] INSERT INTO `tree` (`parent_id`, `position`, `left`, `right`, `level` ) VALUES (5, 0, 1, 2, 1) <>
[2012-08-17 10:09:28] SELECT `id` , `parent_id` , `position` , `left` , `right` , `level` , `title` , `type` FROM `tree` WHERE `parent_id` = 1 ORDER BY `position` ASC <>
[2012-08-17 10:09:28] No query pending <>
[2012-08-17 10:09:40] Connection error: Access denied for user 'root'@'localhost' (using password: NO) <>
[2012-08-17 10:09:40] Could node connect for query: CREATE TEMPORARY TABLE `temp_tree` (`id` INTEGER NOT NULL, `parent_id` INTEGER NOT NULL, `position` INTEGER NOT NULL) type=HEAP <>
[2012-08-17 10:09:40] INSERT INTO `temp_tree` SELECT `id`, `parent_id`, `position` FROM `tree` <>
[2012-08-17 10:09:40] CREATE TEMPORARY TABLE `temp_stack` (`id` INTEGER NOT NULL, `left` INTEGER, `right` INTEGER, `level` INTEGER, `stack_top` INTEGER NOT NULL, `parent_id` INTEGER, `position` INTEGER ) type=HEAP <>
[2012-08-17 10:09:40] SELECT COUNT(*) FROM temp_tree <>
[2012-08-17 10:09:40] No query pending <>
[2012-08-17 10:09:40] INSERT INTO `temp_stack` SELECT `id`, 1, NULL, 0, 1, `parent_id`, `position` FROM `temp_tree` WHERE `parent_id` = 0 <>
[2012-08-17 10:09:40] DELETE FROM `temp_tree` WHERE `parent_id` = 0 <>
[2012-08-17 10:09:40] CREATE TEMPORARY TABLE `temp_tree2` SELECT `id`, `title`, `type` FROM `tree`  <>
[2012-08-17 10:09:40] TRUNCATE TABLE `tree` <>
[2012-08-17 10:09:40] INSERT INTO tree (`id`, `parent_id`, `position`, `left`, `right`, `level` ) SELECT `id`, `parent_id`, `position`, `left`, `right`, `level` FROM temp_stack ORDER BY `id` <>
[2012-08-17 10:09:40] UPDATE `tree` v, `temp_tree2` SET v.`id` = v.`id` , v.`title` = `temp_tree2`.`title` , v.`type` = `temp_tree2`.`type`  WHERE v.`id` = `temp_tree2`.`id`  <>
[2012-08-17 10:09:40] Connection error: Access denied for user 'root'@'localhost' (using password: NO) <>
[2012-08-17 10:09:40] Could node connect for query: SELECT `id` , `parent_id` , `position` , `left` , `right` , `level` , `title` , `type` FROM `tree` WHERE `parent_id` = 1 ORDER BY `position` ASC <>
[2012-08-17 10:09:40] No query pending <>
[2012-08-17 10:09:40] TRUNCATE TABLE `tree` <>
[2012-08-17 10:09:40] INSERT INTO `tree` (`id`, `parent_id`, `position`, `left`, `right`, `level` ) VALUES (1, 0, 0, 1, 2, 0 ) <>
[2012-08-17 10:09:40] SELECT `id` , `parent_id` , `position` , `left` , `right` , `level` , `title` , `type` FROM `tree` WHERE `id` = 0 <>
[2012-08-17 10:09:40] No query pending <>
[2012-08-17 10:09:40] nf: no result set <>
[2012-08-17 10:09:40] SELECT `id` , `parent_id` , `position` , `left` , `right` , `level` , `title` , `type` FROM `tree` WHERE `parent_id` = 0 ORDER BY `position` ASC <>
[2012-08-17 10:09:40] No query pending <>
[2012-08-17 10:09:40] SELECT `id` , `parent_id` , `position` , `left` , `right` , `level` , `title` , `type` FROM `tree` WHERE `id` = 1 <>
[2012-08-17 10:09:40] No query pending <>
[2012-08-17 10:09:40] nf: no result set <>
[2012-08-17 10:09:40] SELECT `id` , `parent_id` , `position` , `left` , `right` , `level` , `title` , `type` FROM `tree` WHERE `parent_id` = 1 ORDER BY `position` ASC <>
[2012-08-17 10:09:40] No query pending <>
[2012-08-17 10:09:40] UPDATE `tree` SET `position` = `position` + 1 WHERE `parent_id` = 1 AND `position` >= 0  AND `id` NOT IN (-1)  <>
[2012-08-17 10:09:40] UPDATE `tree` SET `left` = `left` + 2 WHERE `left` >= 1  AND `id` NOT IN (-1)  <>
[2012-08-17 10:09:40] UPDATE `tree` SET `right` = `right` + 2 WHERE `right` >= 1  AND `id` NOT IN (-1)  <>
[2012-08-17 10:09:40] INSERT INTO `tree` (`parent_id`, `position`, `left`, `right`, `level` ) VALUES (1, 0, 1, 2, 1) <>
[2012-08-17 10:09:40] SELECT `id` , `parent_id` , `position` , `left` , `right` , `level` , `title` , `type` FROM `tree` WHERE `id` = 0 <>
[2012-08-17 10:09:40] No query pending <>
[2012-08-17 10:09:40] nf: no result set <>
[2012-08-17 10:09:40] SELECT `id` , `parent_id` , `position` , `left` , `right` , `level` , `title` , `type` FROM `tree` WHERE `parent_id` = 0 ORDER BY `position` ASC <>
[2012-08-17 10:09:40] No query pending <>
[2012-08-17 10:09:40] SELECT `id` , `parent_id` , `position` , `left` , `right` , `level` , `title` , `type` FROM `tree` WHERE `id` = 1 <>
[2012-08-17 10:09:40] No query pending <>
[2012-08-17 10:09:40] nf: no result set <>
[2012-08-17 10:09:40] SELECT `id` , `parent_id` , `position` , `left` , `right` , `level` , `title` , `type` FROM `tree` WHERE `parent_id` = 1 ORDER BY `position` ASC <>
[2012-08-17 10:09:40] No query pending <>
[2012-08-17 10:09:40] UPDATE `tree` SET `position` = `position` + 1 WHERE `parent_id` = 1 AND `position` >= 0  AND `id` NOT IN (-1)  <>
[2012-08-17 10:09:40] UPDATE `tree` SET `left` = `left` + 2 WHERE `left` >= 1  AND `id` NOT IN (-1)  <>
[2012-08-17 10:09:40] UPDATE `tree` SET `right` = `right` + 2 WHERE `right` >= 1  AND `id` NOT IN (-1)  <>
[2012-08-17 10:09:40] INSERT INTO `tree` (`parent_id`, `position`, `left`, `right`, `level` ) VALUES (1, 0, 1, 2, 1) <>
[2012-08-17 10:09:40] SELECT `id` , `parent_id` , `position` , `left` , `right` , `level` , `title` , `type` FROM `tree` WHERE `id` = 0 <>
[2012-08-17 10:09:40] No query pending <>
[2012-08-17 10:09:40] nf: no result set <>
[2012-08-17 10:09:40] SELECT `id` , `parent_id` , `position` , `left` , `right` , `level` , `title` , `type` FROM `tree` WHERE `parent_id` = 0 ORDER BY `position` ASC <>
[2012-08-17 10:09:40] No query pending <>
[2012-08-17 10:09:40] SELECT `id` , `parent_id` , `position` , `left` , `right` , `level` , `title` , `type` FROM `tree` WHERE `id` = 2 <>
[2012-08-17 10:09:40] No query pending <>
[2012-08-17 10:09:40] nf: no result set <>
[2012-08-17 10:09:40] SELECT `id` , `parent_id` , `position` , `left` , `right` , `level` , `title` , `type` FROM `tree` WHERE `parent_id` = 2 ORDER BY `position` ASC <>
[2012-08-17 10:09:40] No query pending <>
[2012-08-17 10:09:40] UPDATE `tree` SET `position` = `position` + 1 WHERE `parent_id` = 2 AND `position` >= 0  AND `id` NOT IN (-1)  <>
[2012-08-17 10:09:40] UPDATE `tree` SET `left` = `left` + 2 WHERE `left` >= 1  AND `id` NOT IN (-1)  <>
[2012-08-17 10:09:40] UPDATE `tree` SET `right` = `right` + 2 WHERE `right` >= 1  AND `id` NOT IN (-1)  <>
[2012-08-17 10:09:40] INSERT INTO `tree` (`parent_id`, `position`, `left`, `right`, `level` ) VALUES (2, 0, 1, 2, 1) <>
[2012-08-17 10:09:40] SELECT `id` , `parent_id` , `position` , `left` , `right` , `level` , `title` , `type` FROM `tree` WHERE `id` = 0 <>
[2012-08-17 10:09:40] No query pending <>
[2012-08-17 10:09:40] nf: no result set <>
[2012-08-17 10:09:40] SELECT `id` , `parent_id` , `position` , `left` , `right` , `level` , `title` , `type` FROM `tree` WHERE `parent_id` = 0 ORDER BY `position` ASC <>
[2012-08-17 10:09:40] No query pending <>
[2012-08-17 10:09:40] SELECT `id` , `parent_id` , `position` , `left` , `right` , `level` , `title` , `type` FROM `tree` WHERE `id` = 2 <>
[2012-08-17 10:09:40] No query pending <>
[2012-08-17 10:09:40] nf: no result set <>
[2012-08-17 10:09:40] SELECT `id` , `parent_id` , `position` , `left` , `right` , `level` , `title` , `type` FROM `tree` WHERE `parent_id` = 2 ORDER BY `position` ASC <>
[2012-08-17 10:09:40] No query pending <>
[2012-08-17 10:09:40] UPDATE `tree` SET `position` = `position` + 1 WHERE `parent_id` = 2 AND `position` >= 0  AND `id` NOT IN (-1)  <>
[2012-08-17 10:09:40] UPDATE `tree` SET `left` = `left` + 2 WHERE `left` >= 1  AND `id` NOT IN (-1)  <>
[2012-08-17 10:09:40] UPDATE `tree` SET `right` = `right` + 2 WHERE `right` >= 1  AND `id` NOT IN (-1)  <>
[2012-08-17 10:09:40] INSERT INTO `tree` (`parent_id`, `position`, `left`, `right`, `level` ) VALUES (2, 0, 1, 2, 1) <>
[2012-08-17 10:09:40] SELECT `id` , `parent_id` , `position` , `left` , `right` , `level` , `title` , `type` FROM `tree` WHERE `id` = 0 <>
[2012-08-17 10:09:40] No query pending <>
[2012-08-17 10:09:40] nf: no result set <>
[2012-08-17 10:09:40] SELECT `id` , `parent_id` , `position` , `left` , `right` , `level` , `title` , `type` FROM `tree` WHERE `parent_id` = 0 ORDER BY `position` ASC <>
[2012-08-17 10:09:40] No query pending <>
[2012-08-17 10:09:40] SELECT `id` , `parent_id` , `position` , `left` , `right` , `level` , `title` , `type` FROM `tree` WHERE `id` = 4 <>
[2012-08-17 10:09:40] No query pending <>
[2012-08-17 10:09:40] nf: no result set <>
[2012-08-17 10:09:40] SELECT `id` , `parent_id` , `position` , `left` , `right` , `level` , `title` , `type` FROM `tree` WHERE `parent_id` = 4 ORDER BY `position` ASC <>
[2012-08-17 10:09:40] No query pending <>
[2012-08-17 10:09:40] UPDATE `tree` SET `position` = `position` + 1 WHERE `parent_id` = 4 AND `position` >= 0  AND `id` NOT IN (-1)  <>
[2012-08-17 10:09:40] UPDATE `tree` SET `left` = `left` + 2 WHERE `left` >= 1  AND `id` NOT IN (-1)  <>
[2012-08-17 10:09:40] UPDATE `tree` SET `right` = `right` + 2 WHERE `right` >= 1  AND `id` NOT IN (-1)  <>
[2012-08-17 10:09:40] INSERT INTO `tree` (`parent_id`, `position`, `left`, `right`, `level` ) VALUES (4, 0, 1, 2, 1) <>
[2012-08-17 10:09:40] SELECT `id` , `parent_id` , `position` , `left` , `right` , `level` , `title` , `type` FROM `tree` WHERE `id` = 0 <>
[2012-08-17 10:09:40] No query pending <>
[2012-08-17 10:09:40] nf: no result set <>
[2012-08-17 10:09:40] SELECT `id` , `parent_id` , `position` , `left` , `right` , `level` , `title` , `type` FROM `tree` WHERE `parent_id` = 0 ORDER BY `position` ASC <>
[2012-08-17 10:09:40] No query pending <>
[2012-08-17 10:09:40] SELECT `id` , `parent_id` , `position` , `left` , `right` , `level` , `title` , `type` FROM `tree` WHERE `id` = 5 <>
[2012-08-17 10:09:40] No query pending <>
[2012-08-17 10:09:40] nf: no result set <>
[2012-08-17 10:09:40] SELECT `id` , `parent_id` , `position` , `left` , `right` , `level` , `title` , `type` FROM `tree` WHERE `parent_id` = 5 ORDER BY `position` ASC <>
[2012-08-17 10:09:40] No query pending <>
[2012-08-17 10:09:40] UPDATE `tree` SET `position` = `position` + 1 WHERE `parent_id` = 5 AND `position` >= 0  AND `id` NOT IN (-1)  <>
[2012-08-17 10:09:40] UPDATE `tree` SET `left` = `left` + 2 WHERE `left` >= 1  AND `id` NOT IN (-1)  <>
[2012-08-17 10:09:40] UPDATE `tree` SET `right` = `right` + 2 WHERE `right` >= 1  AND `id` NOT IN (-1)  <>
[2012-08-17 10:09:40] INSERT INTO `tree` (`parent_id`, `position`, `left`, `right`, `level` ) VALUES (5, 0, 1, 2, 1) <>
[2012-08-17 10:09:40] SELECT `id` , `parent_id` , `position` , `left` , `right` , `level` , `title` , `type` FROM `tree` WHERE `parent_id` = 1 ORDER BY `position` ASC <>
[2012-08-17 10:09:40] No query pending <>
[2012-08-17 10:14:25] CREATE TEMPORARY TABLE `temp_tree` (`id` INTEGER NOT NULL, `parent_id` INTEGER NOT NULL, `position` INTEGER NOT NULL) type=HEAP <You have an error in your SQL syntax; check the manual that corresponds to your MySQL server version for the right syntax to use near 'type=HEAP' at line 1>
[2012-08-17 10:14:25] INSERT INTO `temp_tree` SELECT `id`, `parent_id`, `position` FROM `tree` <Table 'test.temp_tree' doesn't exist>
[2012-08-17 10:14:25] CREATE TEMPORARY TABLE `temp_stack` (`id` INTEGER NOT NULL, `left` INTEGER, `right` INTEGER, `level` INTEGER, `stack_top` INTEGER NOT NULL, `parent_id` INTEGER, `position` INTEGER ) type=HEAP <You have an error in your SQL syntax; check the manual that corresponds to your MySQL server version for the right syntax to use near 'type=HEAP' at line 1>
[2012-08-17 10:14:25] SELECT COUNT(*) FROM temp_tree <Table 'test.temp_tree' doesn't exist>
[2012-08-17 10:14:25] No query pending <Table 'test.temp_tree' doesn't exist>
[2012-08-17 10:14:25] INSERT INTO `temp_stack` SELECT `id`, 1, NULL, 0, 1, `parent_id`, `position` FROM `temp_tree` WHERE `parent_id` = 0 <Table 'test.temp_stack' doesn't exist>
[2012-08-17 10:14:25] DELETE FROM `temp_tree` WHERE `parent_id` = 0 <Table 'test.temp_tree' doesn't exist>
[2012-08-17 10:14:25] INSERT INTO tree (`id`, `parent_id`, `position`, `left`, `right`, `level` ) SELECT `id`, `parent_id`, `position`, `left`, `right`, `level` FROM temp_stack ORDER BY `id` <Table 'test.temp_stack' doesn't exist>
[2012-08-17 10:14:26] CREATE TEMPORARY TABLE `temp_tree` (`id` INTEGER NOT NULL, `parent_id` INTEGER NOT NULL, `position` INTEGER NOT NULL) type=HEAP <You have an error in your SQL syntax; check the manual that corresponds to your MySQL server version for the right syntax to use near 'type=HEAP' at line 1>
[2012-08-17 10:14:26] INSERT INTO `temp_tree` SELECT `id`, `parent_id`, `position` FROM `tree` <Table 'test.temp_tree' doesn't exist>
[2012-08-17 10:14:26] CREATE TEMPORARY TABLE `temp_stack` (`id` INTEGER NOT NULL, `left` INTEGER, `right` INTEGER, `level` INTEGER, `stack_top` INTEGER NOT NULL, `parent_id` INTEGER, `position` INTEGER ) type=HEAP <You have an error in your SQL syntax; check the manual that corresponds to your MySQL server version for the right syntax to use near 'type=HEAP' at line 1>
[2012-08-17 10:14:26] SELECT COUNT(*) FROM temp_tree <Table 'test.temp_tree' doesn't exist>
[2012-08-17 10:14:26] No query pending <Table 'test.temp_tree' doesn't exist>
[2012-08-17 10:14:26] INSERT INTO `temp_stack` SELECT `id`, 1, NULL, 0, 1, `parent_id`, `position` FROM `temp_tree` WHERE `parent_id` = 0 <Table 'test.temp_stack' doesn't exist>
[2012-08-17 10:14:26] DELETE FROM `temp_tree` WHERE `parent_id` = 0 <Table 'test.temp_tree' doesn't exist>
[2012-08-17 10:14:26] INSERT INTO tree (`id`, `parent_id`, `position`, `left`, `right`, `level` ) SELECT `id`, `parent_id`, `position`, `left`, `right`, `level` FROM temp_stack ORDER BY `id` <Table 'test.temp_stack' doesn't exist>
[2012-08-17 10:14:27] CREATE TEMPORARY TABLE `temp_tree` (`id` INTEGER NOT NULL, `parent_id` INTEGER NOT NULL, `position` INTEGER NOT NULL) type=HEAP <You have an error in your SQL syntax; check the manual that corresponds to your MySQL server version for the right syntax to use near 'type=HEAP' at line 1>
[2012-08-17 10:14:27] INSERT INTO `temp_tree` SELECT `id`, `parent_id`, `position` FROM `tree` <Table 'test.temp_tree' doesn't exist>
[2012-08-17 10:14:27] CREATE TEMPORARY TABLE `temp_stack` (`id` INTEGER NOT NULL, `left` INTEGER, `right` INTEGER, `level` INTEGER, `stack_top` INTEGER NOT NULL, `parent_id` INTEGER, `position` INTEGER ) type=HEAP <You have an error in your SQL syntax; check the manual that corresponds to your MySQL server version for the right syntax to use near 'type=HEAP' at line 1>
[2012-08-17 10:14:27] SELECT COUNT(*) FROM temp_tree <Table 'test.temp_tree' doesn't exist>
[2012-08-17 10:14:27] No query pending <Table 'test.temp_tree' doesn't exist>
[2012-08-17 10:14:27] INSERT INTO `temp_stack` SELECT `id`, 1, NULL, 0, 1, `parent_id`, `position` FROM `temp_tree` WHERE `parent_id` = 0 <Table 'test.temp_stack' doesn't exist>
[2012-08-17 10:14:27] DELETE FROM `temp_tree` WHERE `parent_id` = 0 <Table 'test.temp_tree' doesn't exist>
[2012-08-17 10:14:27] INSERT INTO tree (`id`, `parent_id`, `position`, `left`, `right`, `level` ) SELECT `id`, `parent_id`, `position`, `left`, `right`, `level` FROM temp_stack ORDER BY `id` <Table 'test.temp_stack' doesn't exist>
[2012-08-17 10:29:26] CREATE TEMPORARY TABLE `temp_tree` (`id` INTEGER NOT NULL, `parent_id` INTEGER NOT NULL, `position` INTEGER NOT NULL) type=HEAP <You have an error in your SQL syntax; check the manual that corresponds to your MySQL server version for the right syntax to use near 'type=HEAP' at line 1>
[2012-08-17 10:29:26] INSERT INTO `temp_tree` SELECT `id`, `parent_id`, `position` FROM `tree` <Table 'test.temp_tree' doesn't exist>
[2012-08-17 10:29:26] CREATE TEMPORARY TABLE `temp_stack` (`id` INTEGER NOT NULL, `left` INTEGER, `right` INTEGER, `level` INTEGER, `stack_top` INTEGER NOT NULL, `parent_id` INTEGER, `position` INTEGER ) type=HEAP <You have an error in your SQL syntax; check the manual that corresponds to your MySQL server version for the right syntax to use near 'type=HEAP' at line 1>
[2012-08-17 10:29:26] SELECT COUNT(*) FROM temp_tree <Table 'test.temp_tree' doesn't exist>
[2012-08-17 10:29:26] No query pending <Table 'test.temp_tree' doesn't exist>
[2012-08-17 10:29:26] INSERT INTO `temp_stack` SELECT `id`, 1, NULL, 0, 1, `parent_id`, `position` FROM `temp_tree` WHERE `parent_id` = 0 <Table 'test.temp_stack' doesn't exist>
[2012-08-17 10:29:26] DELETE FROM `temp_tree` WHERE `parent_id` = 0 <Table 'test.temp_tree' doesn't exist>
[2012-08-17 10:29:26] INSERT INTO tree (`id`, `parent_id`, `position`, `left`, `right`, `level` ) SELECT `id`, `parent_id`, `position`, `left`, `right`, `level` FROM temp_stack ORDER BY `id` <Table 'test.temp_stack' doesn't exist>
[2012-08-17 10:29:26] CREATE TEMPORARY TABLE `temp_tree` (`id` INTEGER NOT NULL, `parent_id` INTEGER NOT NULL, `position` INTEGER NOT NULL) type=HEAP <You have an error in your SQL syntax; check the manual that corresponds to your MySQL server version for the right syntax to use near 'type=HEAP' at line 1>
[2012-08-17 10:29:26] INSERT INTO `temp_tree` SELECT `id`, `parent_id`, `position` FROM `tree` <Table 'test.temp_tree' doesn't exist>
[2012-08-17 10:29:26] CREATE TEMPORARY TABLE `temp_stack` (`id` INTEGER NOT NULL, `left` INTEGER, `right` INTEGER, `level` INTEGER, `stack_top` INTEGER NOT NULL, `parent_id` INTEGER, `position` INTEGER ) type=HEAP <You have an error in your SQL syntax; check the manual that corresponds to your MySQL server version for the right syntax to use near 'type=HEAP' at line 1>
[2012-08-17 10:29:26] SELECT COUNT(*) FROM temp_tree <Table 'test.temp_tree' doesn't exist>
[2012-08-17 10:29:26] No query pending <Table 'test.temp_tree' doesn't exist>
[2012-08-17 10:29:26] INSERT INTO `temp_stack` SELECT `id`, 1, NULL, 0, 1, `parent_id`, `position` FROM `temp_tree` WHERE `parent_id` = 0 <Table 'test.temp_stack' doesn't exist>
[2012-08-17 10:29:26] DELETE FROM `temp_tree` WHERE `parent_id` = 0 <Table 'test.temp_tree' doesn't exist>
[2012-08-17 10:29:26] INSERT INTO tree (`id`, `parent_id`, `position`, `left`, `right`, `level` ) SELECT `id`, `parent_id`, `position`, `left`, `right`, `level` FROM temp_stack ORDER BY `id` <Table 'test.temp_stack' doesn't exist>
[2012-08-17 11:57:21] CREATE TEMPORARY TABLE `temp_tree` (`id` INTEGER NOT NULL, `parent_id` INTEGER NOT NULL, `position` INTEGER NOT NULL) type=HEAP <You have an error in your SQL syntax; check the manual that corresponds to your MySQL server version for the right syntax to use near 'type=HEAP' at line 1>
[2012-08-17 11:57:21] INSERT INTO `temp_tree` SELECT `id`, `parent_id`, `position` FROM `tree` <Table 'test.temp_tree' doesn't exist>
[2012-08-17 11:57:21] CREATE TEMPORARY TABLE `temp_stack` (`id` INTEGER NOT NULL, `left` INTEGER, `right` INTEGER, `level` INTEGER, `stack_top` INTEGER NOT NULL, `parent_id` INTEGER, `position` INTEGER ) type=HEAP <You have an error in your SQL syntax; check the manual that corresponds to your MySQL server version for the right syntax to use near 'type=HEAP' at line 1>
[2012-08-17 11:57:21] SELECT COUNT(*) FROM temp_tree <Table 'test.temp_tree' doesn't exist>
[2012-08-17 11:57:21] No query pending <Table 'test.temp_tree' doesn't exist>
[2012-08-17 11:57:21] INSERT INTO `temp_stack` SELECT `id`, 1, NULL, 0, 1, `parent_id`, `position` FROM `temp_tree` WHERE `parent_id` = 0 <Table 'test.temp_stack' doesn't exist>
[2012-08-17 11:57:21] DELETE FROM `temp_tree` WHERE `parent_id` = 0 <Table 'test.temp_tree' doesn't exist>
[2012-08-17 11:57:21] INSERT INTO tree (`id`, `parent_id`, `position`, `left`, `right`, `level` ) SELECT `id`, `parent_id`, `position`, `left`, `right`, `level` FROM temp_stack ORDER BY `id` <Table 'test.temp_stack' doesn't exist>
[2012-08-27 07:09:42] Connection error: Unknown database 'rule' <>
[2012-08-27 07:09:42] Could node connect for query: SELECT `id` , `parent_id` , `position` , `left` , `right` , `level` , `title` , `type` FROM `tree` WHERE `parent_id` = 1 ORDER BY `position` ASC <>
[2012-08-27 07:09:42] No query pending <>
[2012-08-27 07:09:42] TRUNCATE TABLE `tree` <>
[2012-08-27 07:09:42] INSERT INTO `tree` (`id`, `parent_id`, `position`, `left`, `right`, `level` ) VALUES (1, 0, 0, 1, 2, 0 ) <>
[2012-08-27 07:09:42] SELECT `id` , `parent_id` , `position` , `left` , `right` , `level` , `title` , `type` FROM `tree` WHERE `id` = 0 <>
[2012-08-27 07:09:42] No query pending <>
[2012-08-27 07:09:42] nf: no result set <>
[2012-08-27 07:09:42] SELECT `id` , `parent_id` , `position` , `left` , `right` , `level` , `title` , `type` FROM `tree` WHERE `parent_id` = 0 ORDER BY `position` ASC <>
[2012-08-27 07:09:42] No query pending <>
[2012-08-27 07:09:42] SELECT `id` , `parent_id` , `position` , `left` , `right` , `level` , `title` , `type` FROM `tree` WHERE `id` = 1 <>
[2012-08-27 07:09:42] No query pending <>
[2012-08-27 07:09:42] nf: no result set <>
[2012-08-27 07:09:42] SELECT `id` , `parent_id` , `position` , `left` , `right` , `level` , `title` , `type` FROM `tree` WHERE `parent_id` = 1 ORDER BY `position` ASC <>
[2012-08-27 07:09:42] No query pending <>
[2012-08-27 07:09:42] UPDATE `tree` SET `position` = `position` + 1 WHERE `parent_id` = 1 AND `position` >= 0  AND `id` NOT IN (-1)  <>
[2012-08-27 07:09:42] UPDATE `tree` SET `left` = `left` + 2 WHERE `left` >= 1  AND `id` NOT IN (-1)  <>
[2012-08-27 07:09:42] UPDATE `tree` SET `right` = `right` + 2 WHERE `right` >= 1  AND `id` NOT IN (-1)  <>
[2012-08-27 07:09:42] INSERT INTO `tree` (`parent_id`, `position`, `left`, `right`, `level` ) VALUES (1, 0, 1, 2, 1) <>
[2012-08-27 07:09:42] SELECT `id` , `parent_id` , `position` , `left` , `right` , `level` , `title` , `type` FROM `tree` WHERE `id` = 0 <>
[2012-08-27 07:09:42] No query pending <>
[2012-08-27 07:09:42] nf: no result set <>
[2012-08-27 07:09:42] SELECT `id` , `parent_id` , `position` , `left` , `right` , `level` , `title` , `type` FROM `tree` WHERE `parent_id` = 0 ORDER BY `position` ASC <>
[2012-08-27 07:09:42] No query pending <>
[2012-08-27 07:09:42] SELECT `id` , `parent_id` , `position` , `left` , `right` , `level` , `title` , `type` FROM `tree` WHERE `id` = 1 <>
[2012-08-27 07:09:42] No query pending <>
[2012-08-27 07:09:42] nf: no result set <>
[2012-08-27 07:09:42] SELECT `id` , `parent_id` , `position` , `left` , `right` , `level` , `title` , `type` FROM `tree` WHERE `parent_id` = 1 ORDER BY `position` ASC <>
[2012-08-27 07:09:42] No query pending <>
[2012-08-27 07:09:42] UPDATE `tree` SET `position` = `position` + 1 WHERE `parent_id` = 1 AND `position` >= 0  AND `id` NOT IN (-1)  <>
[2012-08-27 07:09:42] UPDATE `tree` SET `left` = `left` + 2 WHERE `left` >= 1  AND `id` NOT IN (-1)  <>
[2012-08-27 07:09:42] UPDATE `tree` SET `right` = `right` + 2 WHERE `right` >= 1  AND `id` NOT IN (-1)  <>
[2012-08-27 07:09:42] INSERT INTO `tree` (`parent_id`, `position`, `left`, `right`, `level` ) VALUES (1, 0, 1, 2, 1) <>
[2012-08-27 07:09:42] SELECT `id` , `parent_id` , `position` , `left` , `right` , `level` , `title` , `type` FROM `tree` WHERE `id` = 0 <>
[2012-08-27 07:09:42] No query pending <>
[2012-08-27 07:09:42] nf: no result set <>
[2012-08-27 07:09:42] SELECT `id` , `parent_id` , `position` , `left` , `right` , `level` , `title` , `type` FROM `tree` WHERE `parent_id` = 0 ORDER BY `position` ASC <>
[2012-08-27 07:09:42] No query pending <>
[2012-08-27 07:09:42] SELECT `id` , `parent_id` , `position` , `left` , `right` , `level` , `title` , `type` FROM `tree` WHERE `id` = 2 <>
[2012-08-27 07:09:42] No query pending <>
[2012-08-27 07:09:42] nf: no result set <>
[2012-08-27 07:09:42] SELECT `id` , `parent_id` , `position` , `left` , `right` , `level` , `title` , `type` FROM `tree` WHERE `parent_id` = 2 ORDER BY `position` ASC <>
[2012-08-27 07:09:42] No query pending <>
[2012-08-27 07:09:42] UPDATE `tree` SET `position` = `position` + 1 WHERE `parent_id` = 2 AND `position` >= 0  AND `id` NOT IN (-1)  <>
[2012-08-27 07:09:42] UPDATE `tree` SET `left` = `left` + 2 WHERE `left` >= 1  AND `id` NOT IN (-1)  <>
[2012-08-27 07:09:42] UPDATE `tree` SET `right` = `right` + 2 WHERE `right` >= 1  AND `id` NOT IN (-1)  <>
[2012-08-27 07:09:42] INSERT INTO `tree` (`parent_id`, `position`, `left`, `right`, `level` ) VALUES (2, 0, 1, 2, 1) <>
[2012-08-27 07:09:42] SELECT `id` , `parent_id` , `position` , `left` , `right` , `level` , `title` , `type` FROM `tree` WHERE `id` = 0 <>
[2012-08-27 07:09:42] No query pending <>
[2012-08-27 07:09:42] nf: no result set <>
[2012-08-27 07:09:42] SELECT `id` , `parent_id` , `position` , `left` , `right` , `level` , `title` , `type` FROM `tree` WHERE `parent_id` = 0 ORDER BY `position` ASC <>
[2012-08-27 07:09:42] No query pending <>
[2012-08-27 07:09:42] SELECT `id` , `parent_id` , `position` , `left` , `right` , `level` , `title` , `type` FROM `tree` WHERE `id` = 2 <>
[2012-08-27 07:09:42] No query pending <>
[2012-08-27 07:09:42] nf: no result set <>
[2012-08-27 07:09:42] SELECT `id` , `parent_id` , `position` , `left` , `right` , `level` , `title` , `type` FROM `tree` WHERE `parent_id` = 2 ORDER BY `position` ASC <>
[2012-08-27 07:09:42] No query pending <>
[2012-08-27 07:09:42] UPDATE `tree` SET `position` = `position` + 1 WHERE `parent_id` = 2 AND `position` >= 0  AND `id` NOT IN (-1)  <>
[2012-08-27 07:09:42] UPDATE `tree` SET `left` = `left` + 2 WHERE `left` >= 1  AND `id` NOT IN (-1)  <>
[2012-08-27 07:09:42] UPDATE `tree` SET `right` = `right` + 2 WHERE `right` >= 1  AND `id` NOT IN (-1)  <>
[2012-08-27 07:09:42] INSERT INTO `tree` (`parent_id`, `position`, `left`, `right`, `level` ) VALUES (2, 0, 1, 2, 1) <>
[2012-08-27 07:09:42] SELECT `id` , `parent_id` , `position` , `left` , `right` , `level` , `title` , `type` FROM `tree` WHERE `id` = 0 <>
[2012-08-27 07:09:42] No query pending <>
[2012-08-27 07:09:42] nf: no result set <>
[2012-08-27 07:09:42] SELECT `id` , `parent_id` , `position` , `left` , `right` , `level` , `title` , `type` FROM `tree` WHERE `parent_id` = 0 ORDER BY `position` ASC <>
[2012-08-27 07:09:42] No query pending <>
[2012-08-27 07:09:42] SELECT `id` , `parent_id` , `position` , `left` , `right` , `level` , `title` , `type` FROM `tree` WHERE `id` = 4 <>
[2012-08-27 07:09:42] No query pending <>
[2012-08-27 07:09:42] nf: no result set <>
[2012-08-27 07:09:42] SELECT `id` , `parent_id` , `position` , `left` , `right` , `level` , `title` , `type` FROM `tree` WHERE `parent_id` = 4 ORDER BY `position` ASC <>
[2012-08-27 07:09:42] No query pending <>
[2012-08-27 07:09:42] UPDATE `tree` SET `position` = `position` + 1 WHERE `parent_id` = 4 AND `position` >= 0  AND `id` NOT IN (-1)  <>
[2012-08-27 07:09:42] UPDATE `tree` SET `left` = `left` + 2 WHERE `left` >= 1  AND `id` NOT IN (-1)  <>
[2012-08-27 07:09:42] UPDATE `tree` SET `right` = `right` + 2 WHERE `right` >= 1  AND `id` NOT IN (-1)  <>
[2012-08-27 07:09:42] INSERT INTO `tree` (`parent_id`, `position`, `left`, `right`, `level` ) VALUES (4, 0, 1, 2, 1) <>
[2012-08-27 07:09:42] SELECT `id` , `parent_id` , `position` , `left` , `right` , `level` , `title` , `type` FROM `tree` WHERE `id` = 0 <>
[2012-08-27 07:09:42] No query pending <>
[2012-08-27 07:09:42] nf: no result set <>
[2012-08-27 07:09:42] SELECT `id` , `parent_id` , `position` , `left` , `right` , `level` , `title` , `type` FROM `tree` WHERE `parent_id` = 0 ORDER BY `position` ASC <>
[2012-08-27 07:09:42] No query pending <>
[2012-08-27 07:09:42] SELECT `id` , `parent_id` , `position` , `left` , `right` , `level` , `title` , `type` FROM `tree` WHERE `id` = 5 <>
[2012-08-27 07:09:42] No query pending <>
[2012-08-27 07:09:42] nf: no result set <>
[2012-08-27 07:09:42] SELECT `id` , `parent_id` , `position` , `left` , `right` , `level` , `title` , `type` FROM `tree` WHERE `parent_id` = 5 ORDER BY `position` ASC <>
[2012-08-27 07:09:42] No query pending <>
[2012-08-27 07:09:42] UPDATE `tree` SET `position` = `position` + 1 WHERE `parent_id` = 5 AND `position` >= 0  AND `id` NOT IN (-1)  <>
[2012-08-27 07:09:42] UPDATE `tree` SET `left` = `left` + 2 WHERE `left` >= 1  AND `id` NOT IN (-1)  <>
[2012-08-27 07:09:42] UPDATE `tree` SET `right` = `right` + 2 WHERE `right` >= 1  AND `id` NOT IN (-1)  <>
[2012-08-27 07:09:42] INSERT INTO `tree` (`parent_id`, `position`, `left`, `right`, `level` ) VALUES (5, 0, 1, 2, 1) <>
[2012-08-27 07:09:42] SELECT `id` , `parent_id` , `position` , `left` , `right` , `level` , `title` , `type` FROM `tree` WHERE `parent_id` = 1 ORDER BY `position` ASC <>
[2012-08-27 07:09:42] No query pending <>
